{"meta": {"format": 3, "version": "7.11.0", "timestamp": "2025-10-31T12:40:56.280241", "branch_coverage": false, "show_contexts": false}, "files": {"src/neurospatial/__init__.py": {"executed_lines": [1, 5, 6, 11], "summary": {"covered_lines": 4, "num_statements": 4, "percent_covered": 100.0, "percent_covered_display": "100", "missing_lines": 0, "excluded_lines": 0}, "missing_lines": [], "excluded_lines": [], "functions": {"": {"executed_lines": [1, 5, 6, 11], "summary": {"covered_lines": 4, "num_statements": 4, "percent_covered": 100.0, "percent_covered_display": "100", "missing_lines": 0, "excluded_lines": 0}, "missing_lines": [], "excluded_lines": []}}, "classes": {"": {"executed_lines": [1, 5, 6, 11], "summary": {"covered_lines": 4, "num_statements": 4, "percent_covered": 100.0, "percent_covered_display": "100", "missing_lines": 0, "excluded_lines": 0}, "missing_lines": [], "excluded_lines": []}}}, "src/neurospatial/alignment.py": {"executed_lines": [1, 40, 42, 43, 45, 48, 69, 70, 71, 73, 74, 77, 110, 111, 114, 115, 117, 118, 122, 124, 131, 133, 135, 136, 139, 197, 198, 201, 204, 208, 209, 211, 212, 215, 217, 218, 223, 224, 226, 229, 234, 243, 245, 247, 248, 249, 251, 254, 263, 264, 265, 274, 277, 279, 280, 288, 326], "summary": {"covered_lines": 56, "num_statements": 93, "percent_covered": 60.215053763440864, "percent_covered_display": "60", "missing_lines": 37, "excluded_lines": 0}, "missing_lines": [112, 123, 125, 227, 230, 237, 246, 250, 255, 256, 257, 260, 266, 267, 271, 281, 282, 285, 290, 292, 293, 294, 297, 298, 302, 305, 306, 307, 310, 311, 312, 315, 316, 319, 320, 322, 324], "excluded_lines": [], "functions": {"get_2d_rotation_matrix": {"executed_lines": [69, 70, 71, 73, 74], "summary": {"covered_lines": 5, "num_statements": 5, "percent_covered": 100.0, "percent_covered_display": "100", "missing_lines": 0, "excluded_lines": 0}, "missing_lines": [], "excluded_lines": []}, "apply_similarity_transform": {"executed_lines": [110, 111, 114, 115, 117, 118, 122, 124, 131, 133, 135, 136], "summary": {"covered_lines": 12, "num_statements": 15, "percent_covered": 80.0, "percent_covered_display": "80", "missing_lines": 3, "excluded_lines": 0}, "missing_lines": [112, 123, 125], "excluded_lines": []}, "map_probabilities_to_nearest_target_bin": {"executed_lines": [197, 198, 201, 204, 208, 209, 211, 212, 215, 217, 218, 223, 224, 226, 229, 234, 243, 245, 247, 248, 249, 251, 254, 263, 264, 265, 274, 277, 279, 280, 288, 326], "summary": {"covered_lines": 32, "num_statements": 66, "percent_covered": 48.484848484848484, "percent_covered_display": "48", "missing_lines": 34, "excluded_lines": 0}, "missing_lines": [227, 230, 237, 246, 250, 255, 256, 257, 260, 266, 267, 271, 281, 282, 285, 290, 292, 293, 294, 297, 298, 302, 305, 306, 307, 310, 311, 312, 315, 316, 319, 320, 322, 324], "excluded_lines": []}, "": {"executed_lines": [1, 40, 42, 43, 45, 48, 77, 139], "summary": {"covered_lines": 7, "num_statements": 7, "percent_covered": 100.0, "percent_covered_display": "100", "missing_lines": 0, "excluded_lines": 0}, "missing_lines": [], "excluded_lines": []}}, "classes": {"": {"executed_lines": [1, 40, 42, 43, 45, 48, 69, 70, 71, 73, 74, 77, 110, 111, 114, 115, 117, 118, 122, 124, 131, 133, 135, 136, 139, 197, 198, 201, 204, 208, 209, 211, 212, 215, 217, 218, 223, 224, 226, 229, 234, 243, 245, 247, 248, 249, 251, 254, 263, 264, 265, 274, 277, 279, 280, 288, 326], "summary": {"covered_lines": 56, "num_statements": 93, "percent_covered": 60.215053763440864, "percent_covered_display": "60", "missing_lines": 37, "excluded_lines": 0}, "missing_lines": [112, 123, 125, 227, 230, 237, 246, 250, 255, 256, 257, 260, 266, 267, 271, 281, 282, 285, 290, 292, 293, 294, 297, 298, 302, 305, 306, 307, 310, 311, 312, 315, 316, 319, 320, 322, 324], "excluded_lines": []}}}, "src/neurospatial/calibration.py": {"executed_lines": [], "summary": {"covered_lines": 0, "num_statements": 14, "percent_covered": 0.0, "percent_covered_display": "0", "missing_lines": 14, "excluded_lines": 0}, "missing_lines": [2, 4, 7, 37, 38, 41, 44, 45, 46, 47, 52, 53, 54, 62], "excluded_lines": [], "functions": {"simple_scale": {"executed_lines": [], "summary": {"covered_lines": 0, "num_statements": 11, "percent_covered": 0.0, "percent_covered_display": "0", "missing_lines": 11, "excluded_lines": 0}, "missing_lines": [37, 38, 41, 44, 45, 46, 47, 52, 53, 54, 62], "excluded_lines": []}, "": {"executed_lines": [], "summary": {"covered_lines": 0, "num_statements": 3, "percent_covered": 0.0, "percent_covered_display": "0", "missing_lines": 3, "excluded_lines": 0}, "missing_lines": [2, 4, 7], "excluded_lines": []}}, "classes": {"": {"executed_lines": [], "summary": {"covered_lines": 0, "num_statements": 14, "percent_covered": 0.0, "percent_covered_display": "0", "missing_lines": 14, "excluded_lines": 0}, "missing_lines": [2, 4, 7, 37, 38, 41, 44, 45, 46, 47, 52, 53, 54, 62], "excluded_lines": []}}}, "src/neurospatial/composite.py": {"executed_lines": [1, 15, 16, 18, 19, 20, 21, 22, 23, 24, 26, 27, 30, 31, 39, 40, 41, 42, 43, 44, 45, 46, 48, 68, 69, 72, 73, 76, 77, 79, 86, 87, 88, 89, 90, 93, 94, 97, 100, 101, 104, 105, 106, 107, 108, 111, 112, 113, 116, 117, 118, 119, 120, 132, 133, 134, 136, 137, 140, 148, 150, 151, 157, 161, 168, 169, 172, 173, 174, 175, 176, 179, 180, 181, 182, 184, 198, 199, 200, 201, 202, 204, 205, 206, 207, 209, 210, 211, 212, 215, 216, 217, 220, 221, 222, 224, 225, 226, 227, 229, 231, 232, 234, 236, 237, 239, 241, 242, 246, 247, 251, 258, 263, 264, 266, 267, 268, 269, 270, 272, 273, 275, 277, 284, 289, 293, 295, 308, 309, 310, 312, 316, 318, 319, 321, 322, 323, 325, 331, 338, 355, 391], "summary": {"covered_lines": 140, "num_statements": 232, "percent_covered": 60.3448275862069, "percent_covered_display": "60", "missing_lines": 92, "excluded_lines": 0}, "missing_lines": [74, 78, 80, 124, 145, 170, 177, 228, 244, 249, 259, 271, 282, 290, 311, 313, 324, 336, 344, 345, 346, 347, 348, 349, 350, 351, 352, 353, 361, 362, 363, 364, 365, 366, 367, 368, 370, 371, 372, 373, 374, 375, 376, 377, 385, 386, 388, 389, 428, 429, 430, 432, 433, 435, 436, 437, 438, 440, 445, 446, 447, 448, 449, 450, 451, 452, 454, 456, 458, 459, 460, 461, 463, 464, 473, 474, 485, 492, 493, 495, 500, 501, 509, 510, 512, 513, 515, 516, 517, 518, 526, 527], "excluded_lines": [], "functions": {"CompositeEnvironment.__init__": {"executed_lines": [68, 69, 72, 73, 76, 77, 79, 86, 87, 88, 89, 90, 93, 94, 97, 100, 101, 104, 105, 106, 107, 108, 111, 112, 113, 116, 117, 118, 119, 120, 132, 133, 134, 136, 137, 140, 148, 150, 151, 157], "summary": {"covered_lines": 40, "num_statements": 45, "percent_covered": 88.88888888888889, "percent_covered_display": "89", "missing_lines": 5, "excluded_lines": 0}, "missing_lines": [74, 78, 80, 124, 145], "excluded_lines": []}, "CompositeEnvironment._add_bridge_edge": {"executed_lines": [168, 169, 172, 173, 174, 175, 176, 179, 180, 181, 182], "summary": {"covered_lines": 11, "num_statements": 13, "percent_covered": 84.61538461538461, "percent_covered_display": "85", "missing_lines": 2, "excluded_lines": 0}, "missing_lines": [170, 177], "excluded_lines": []}, "CompositeEnvironment._infer_mnn_bridges": {"executed_lines": [198, 199, 200, 201, 202, 204, 205, 206, 207, 209, 210, 211, 212, 215, 216, 217, 220, 221, 222, 224, 225, 226, 227, 229], "summary": {"covered_lines": 24, "num_statements": 25, "percent_covered": 96.0, "percent_covered_display": "96", "missing_lines": 1, "excluded_lines": 0}, "missing_lines": [228], "excluded_lines": []}, "CompositeEnvironment.n_dims": {"executed_lines": [234], "summary": {"covered_lines": 1, "num_statements": 1, "percent_covered": 100.0, "percent_covered_display": "100", "missing_lines": 0, "excluded_lines": 0}, "missing_lines": [], "excluded_lines": []}, "CompositeEnvironment.n_bins": {"executed_lines": [239], "summary": {"covered_lines": 1, "num_statements": 1, "percent_covered": 100.0, "percent_covered_display": "100", "missing_lines": 0, "excluded_lines": 0}, "missing_lines": [], "excluded_lines": []}, "CompositeEnvironment.layout_type": {"executed_lines": [], "summary": {"covered_lines": 0, "num_statements": 1, "percent_covered": 0.0, "percent_covered_display": "0", "missing_lines": 1, "excluded_lines": 0}, "missing_lines": [244], "excluded_lines": []}, "CompositeEnvironment.layout_parameters": {"executed_lines": [], "summary": {"covered_lines": 0, "num_statements": 1, "percent_covered": 0.0, "percent_covered_display": "0", "missing_lines": 1, "excluded_lines": 0}, "missing_lines": [249], "excluded_lines": []}, "CompositeEnvironment.bin_at": {"executed_lines": [258, 263, 264, 266, 267, 268, 269, 270, 272, 273, 275], "summary": {"covered_lines": 11, "num_statements": 13, "percent_covered": 84.61538461538461, "percent_covered_display": "85", "missing_lines": 2, "excluded_lines": 0}, "missing_lines": [259, 271], "excluded_lines": []}, "CompositeEnvironment.contains": {"executed_lines": [], "summary": {"covered_lines": 0, "num_statements": 1, "percent_covered": 0.0, "percent_covered_display": "0", "missing_lines": 1, "excluded_lines": 0}, "missing_lines": [282], "excluded_lines": []}, "CompositeEnvironment.neighbors": {"executed_lines": [289, 293], "summary": {"covered_lines": 2, "num_statements": 3, "percent_covered": 66.66666666666667, "percent_covered_display": "67", "missing_lines": 1, "excluded_lines": 0}, "missing_lines": [290], "excluded_lines": []}, "CompositeEnvironment.distance_between": {"executed_lines": [308, 318, 319, 321, 322, 323, 325], "summary": {"covered_lines": 7, "num_statements": 8, "percent_covered": 87.5, "percent_covered_display": "88", "missing_lines": 1, "excluded_lines": 0}, "missing_lines": [324], "excluded_lines": []}, "CompositeEnvironment.distance_between._to_array": {"executed_lines": [309, 310, 312, 316], "summary": {"covered_lines": 4, "num_statements": 6, "percent_covered": 66.66666666666667, "percent_covered_display": "67", "missing_lines": 2, "excluded_lines": 0}, "missing_lines": [311, 313], "excluded_lines": []}, "CompositeEnvironment.bin_center_of": {"executed_lines": [], "summary": {"covered_lines": 0, "num_statements": 1, "percent_covered": 0.0, "percent_covered_display": "0", "missing_lines": 1, "excluded_lines": 0}, "missing_lines": [336], "excluded_lines": []}, "CompositeEnvironment.bin_attributes": {"executed_lines": [], "summary": {"covered_lines": 0, "num_statements": 10, "percent_covered": 0.0, "percent_covered_display": "0", "missing_lines": 10, "excluded_lines": 0}, "missing_lines": [344, 345, 346, 347, 348, 349, 350, 351, 352, 353], "excluded_lines": []}, "CompositeEnvironment.edge_attributes": {"executed_lines": [], "summary": {"covered_lines": 0, "num_statements": 20, "percent_covered": 0.0, "percent_covered_display": "0", "missing_lines": 20, "excluded_lines": 0}, "missing_lines": [361, 362, 363, 364, 365, 366, 367, 368, 370, 371, 372, 373, 374, 375, 376, 377, 385, 386, 388, 389], "excluded_lines": []}, "CompositeEnvironment.plot": {"executed_lines": [], "summary": {"covered_lines": 0, "num_statements": 44, "percent_covered": 0.0, "percent_covered_display": "0", "missing_lines": 44, "excluded_lines": 0}, "missing_lines": [428, 429, 430, 432, 433, 435, 436, 437, 438, 440, 445, 446, 447, 448, 449, 450, 451, 452, 454, 456, 458, 459, 460, 461, 463, 464, 473, 474, 485, 492, 493, 495, 500, 501, 509, 510, 512, 513, 515, 516, 517, 518, 526, 527], "excluded_lines": []}, "": {"executed_lines": [1, 15, 16, 18, 19, 20, 21, 22, 23, 24, 26, 27, 30, 31, 39, 40, 41, 42, 43, 44, 45, 46, 48, 161, 184, 231, 232, 236, 237, 241, 242, 246, 247, 251, 277, 284, 295, 331, 338, 355, 391], "summary": {"covered_lines": 39, "num_statements": 39, "percent_covered": 100.0, "percent_covered_display": "100", "missing_lines": 0, "excluded_lines": 0}, "missing_lines": [], "excluded_lines": []}}, "classes": {"CompositeEnvironment": {"executed_lines": [68, 69, 72, 73, 76, 77, 79, 86, 87, 88, 89, 90, 93, 94, 97, 100, 101, 104, 105, 106, 107, 108, 111, 112, 113, 116, 117, 118, 119, 120, 132, 133, 134, 136, 137, 140, 148, 150, 151, 157, 168, 169, 172, 173, 174, 175, 176, 179, 180, 181, 182, 198, 199, 200, 201, 202, 204, 205, 206, 207, 209, 210, 211, 212, 215, 216, 217, 220, 221, 222, 224, 225, 226, 227, 229, 234, 239, 258, 263, 264, 266, 267, 268, 269, 270, 272, 273, 275, 289, 293, 308, 309, 310, 312, 316, 318, 319, 321, 322, 323, 325], "summary": {"covered_lines": 101, "num_statements": 193, "percent_covered": 52.33160621761658, "percent_covered_display": "52", "missing_lines": 92, "excluded_lines": 0}, "missing_lines": [74, 78, 80, 124, 145, 170, 177, 228, 244, 249, 259, 271, 282, 290, 311, 313, 324, 336, 344, 345, 346, 347, 348, 349, 350, 351, 352, 353, 361, 362, 363, 364, 365, 366, 367, 368, 370, 371, 372, 373, 374, 375, 376, 377, 385, 386, 388, 389, 428, 429, 430, 432, 433, 435, 436, 437, 438, 440, 445, 446, 447, 448, 449, 450, 451, 452, 454, 456, 458, 459, 460, 461, 463, 464, 473, 474, 485, 492, 493, 495, 500, 501, 509, 510, 512, 513, 515, 516, 517, 518, 526, 527], "excluded_lines": []}, "": {"executed_lines": [1, 15, 16, 18, 19, 20, 21, 22, 23, 24, 26, 27, 30, 31, 39, 40, 41, 42, 43, 44, 45, 46, 48, 161, 184, 231, 232, 236, 237, 241, 242, 246, 247, 251, 277, 284, 295, 331, 338, 355, 391], "summary": {"covered_lines": 39, "num_statements": 39, "percent_covered": 100.0, "percent_covered_display": "100", "missing_lines": 0, "excluded_lines": 0}, "missing_lines": [], "excluded_lines": []}}}, "src/neurospatial/distance.py": {"executed_lines": [], "summary": {"covered_lines": 0, "num_statements": 23, "percent_covered": 0.0, "percent_covered_display": "0", "missing_lines": 23, "excluded_lines": 0}, "missing_lines": [1, 2, 5, 10, 12, 13, 14, 15, 16, 19, 26, 27, 28, 29, 30, 31, 32, 33, 36, 44, 45, 48, 49], "excluded_lines": [], "functions": {"euclidean_distance_matrix": {"executed_lines": [], "summary": {"covered_lines": 0, "num_statements": 6, "percent_covered": 0.0, "percent_covered_display": "0", "missing_lines": 6, "excluded_lines": 0}, "missing_lines": [10, 12, 13, 14, 15, 16], "excluded_lines": []}, "geodesic_distance_matrix": {"executed_lines": [], "summary": {"covered_lines": 0, "num_statements": 8, "percent_covered": 0.0, "percent_covered_display": "0", "missing_lines": 8, "excluded_lines": 0}, "missing_lines": [26, 27, 28, 29, 30, 31, 32, 33], "excluded_lines": []}, "geodesic_distance_between_points": {"executed_lines": [], "summary": {"covered_lines": 0, "num_statements": 4, "percent_covered": 0.0, "percent_covered_display": "0", "missing_lines": 4, "excluded_lines": 0}, "missing_lines": [44, 45, 48, 49], "excluded_lines": []}, "": {"executed_lines": [], "summary": {"covered_lines": 0, "num_statements": 5, "percent_covered": 0.0, "percent_covered_display": "0", "missing_lines": 5, "excluded_lines": 0}, "missing_lines": [1, 2, 5, 19, 36], "excluded_lines": []}}, "classes": {"": {"executed_lines": [], "summary": {"covered_lines": 0, "num_statements": 23, "percent_covered": 0.0, "percent_covered_display": "0", "missing_lines": 23, "excluded_lines": 0}, "missing_lines": [1, 2, 5, 10, 12, 13, 14, 15, 16, 19, 26, 27, 28, 29, 30, 31, 32, 33, 36, 44, 45, 48, 49], "excluded_lines": []}}}, "src/neurospatial/environment.py": {"executed_lines": [1, 3, 4, 5, 6, 7, 8, 9, 11, 12, 13, 14, 15, 17, 18, 19, 20, 21, 22, 24, 25, 27, 38, 42, 53, 54, 55, 61, 63, 67, 68, 69, 131, 132, 135, 136, 137, 140, 141, 142, 145, 148, 149, 152, 153, 156, 160, 191, 192, 194, 199, 205, 208, 209, 210, 211, 212, 213, 214, 215, 216, 217, 225, 227, 230, 270, 281, 282, 283, 286, 287, 288, 293, 296, 300, 302, 303, 304, 331, 332, 389, 390, 397, 398, 405, 412, 413, 423, 424, 435, 437, 438, 484, 485, 522, 527, 533, 534, 568, 574, 580, 581, 615, 621, 623, 624, 653, 654, 656, 657, 669, 671, 672, 673, 689, 691, 692, 693, 713, 714, 715, 724, 726, 727, 728, 744, 746, 747, 771, 773, 774, 794, 796, 797, 823, 824, 847, 849, 850, 851, 873, 875, 876, 877, 886, 893, 894, 895, 918, 919, 920, 937, 938, 941, 942, 944, 945, 946, 947, 949, 951, 952, 953, 975, 976, 981, 986, 988, 992, 994, 1024, 1025, 1027, 1031, 1032, 1041, 1042, 1076, 1078, 1079, 1081, 1082, 1088, 1089, 1096, 1098, 1103, 1104, 1129, 1131, 1133, 1134, 1161, 1163, 1165, 1166, 1209, 1210, 1212, 1214, 1220, 1221, 1226, 1229, 1230, 1232, 1234, 1271, 1272, 1273, 1274, 1275, 1288, 1290, 1291, 1301, 1302, 1303, 1305, 1306, 1325, 1326, 1327, 1329, 1331, 1332, 1386, 1387], "summary": {"covered_lines": 226, "num_statements": 279, "percent_covered": 81.00358422939068, "percent_covered_display": "81", "missing_lines": 53, "excluded_lines": 47}, "missing_lines": [28, 29, 31, 32, 33, 35, 56, 218, 219, 222, 228, 295, 298, 324, 391, 476, 482, 711, 821, 911, 912, 939, 977, 1029, 1038, 1039, 1090, 1095, 1130, 1162, 1215, 1217, 1218, 1277, 1283, 1328, 1354, 1356, 1357, 1358, 1359, 1363, 1364, 1366, 1374, 1376, 1377, 1381, 1397, 1398, 1399, 1400, 1401], "excluded_lines": [230, 231, 232, 233, 234, 235, 236, 237, 238, 239, 240, 241, 242, 243, 244, 245, 246, 247, 248, 249, 250, 251, 252, 253, 254, 255, 256, 257, 258, 259, 260, 261, 262, 263, 264, 265, 266, 267, 268, 399, 430, 1367, 1368, 1369, 1370, 1383, 1384], "functions": {"check_fitted": {"executed_lines": [53, 54, 63], "summary": {"covered_lines": 3, "num_statements": 3, "percent_covered": 100.0, "percent_covered_display": "100", "missing_lines": 0, "excluded_lines": 0}, "missing_lines": [], "excluded_lines": []}, "check_fitted._inner": {"executed_lines": [55, 61], "summary": {"covered_lines": 2, "num_statements": 3, "percent_covered": 66.66666666666667, "percent_covered_display": "67", "missing_lines": 1, "excluded_lines": 0}, "missing_lines": [56], "excluded_lines": []}, "Environment.__init__": {"executed_lines": [191, 192, 194, 199, 205, 208, 209, 210, 211, 212, 213, 214, 215, 216, 217, 225], "summary": {"covered_lines": 16, "num_statements": 19, "percent_covered": 84.21052631578948, "percent_covered_display": "84", "missing_lines": 3, "excluded_lines": 0}, "missing_lines": [218, 219, 222], "excluded_lines": []}, "Environment.__eq__": {"executed_lines": [], "summary": {"covered_lines": 0, "num_statements": 1, "percent_covered": 0.0, "percent_covered_display": "0", "missing_lines": 1, "excluded_lines": 0}, "missing_lines": [228], "excluded_lines": []}, "Environment.__repr__": {"executed_lines": [], "summary": {"covered_lines": 0, "num_statements": 0, "percent_covered": 100.0, "percent_covered_display": "100", "missing_lines": 0, "excluded_lines": 38}, "missing_lines": [], "excluded_lines": [231, 232, 233, 234, 235, 236, 237, 238, 239, 240, 241, 242, 243, 244, 245, 246, 247, 248, 249, 250, 251, 252, 253, 254, 255, 256, 257, 258, 259, 260, 261, 262, 263, 264, 265, 266, 267, 268]}, "Environment._setup_from_layout": {"executed_lines": [281, 282, 283, 286, 287, 288, 293, 296, 300], "summary": {"covered_lines": 9, "num_statements": 11, "percent_covered": 81.81818181818181, "percent_covered_display": "82", "missing_lines": 2, "excluded_lines": 0}, "missing_lines": [295, 298], "excluded_lines": []}, "Environment._source_flat_to_active_node_id_map": {"executed_lines": [], "summary": {"covered_lines": 0, "num_statements": 1, "percent_covered": 0.0, "percent_covered_display": "0", "missing_lines": 1, "excluded_lines": 0}, "missing_lines": [324], "excluded_lines": []}, "Environment.from_samples": {"executed_lines": [389, 390, 397, 398, 405, 412, 413, 423, 424, 435], "summary": {"covered_lines": 10, "num_statements": 11, "percent_covered": 90.9090909090909, "percent_covered_display": "91", "missing_lines": 1, "excluded_lines": 2}, "missing_lines": [391], "excluded_lines": [399, 430]}, "Environment.from_graph": {"executed_lines": [], "summary": {"covered_lines": 0, "num_statements": 2, "percent_covered": 0.0, "percent_covered_display": "0", "missing_lines": 2, "excluded_lines": 0}, "missing_lines": [476, 482], "excluded_lines": []}, "Environment.from_polygon": {"executed_lines": [522, 527], "summary": {"covered_lines": 2, "num_statements": 2, "percent_covered": 100.0, "percent_covered_display": "100", "missing_lines": 0, "excluded_lines": 0}, "missing_lines": [], "excluded_lines": []}, "Environment.from_mask": {"executed_lines": [568, 574], "summary": {"covered_lines": 2, "num_statements": 2, "percent_covered": 100.0, "percent_covered_display": "100", "missing_lines": 0, "excluded_lines": 0}, "missing_lines": [], "excluded_lines": []}, "Environment.from_image": {"executed_lines": [615, 621], "summary": {"covered_lines": 2, "num_statements": 2, "percent_covered": 100.0, "percent_covered_display": "100", "missing_lines": 0, "excluded_lines": 0}, "missing_lines": [], "excluded_lines": []}, "Environment.from_layout": {"executed_lines": [653, 654], "summary": {"covered_lines": 2, "num_statements": 2, "percent_covered": 100.0, "percent_covered_display": "100", "missing_lines": 0, "excluded_lines": 0}, "missing_lines": [], "excluded_lines": []}, "Environment.is_1d": {"executed_lines": [669], "summary": {"covered_lines": 1, "num_statements": 1, "percent_covered": 100.0, "percent_covered_display": "100", "missing_lines": 0, "excluded_lines": 0}, "missing_lines": [], "excluded_lines": []}, "Environment.n_dims": {"executed_lines": [689], "summary": {"covered_lines": 1, "num_statements": 1, "percent_covered": 100.0, "percent_covered_display": "100", "missing_lines": 0, "excluded_lines": 0}, "missing_lines": [], "excluded_lines": []}, "Environment.layout_parameters": {"executed_lines": [], "summary": {"covered_lines": 0, "num_statements": 1, "percent_covered": 0.0, "percent_covered_display": "0", "missing_lines": 1, "excluded_lines": 0}, "missing_lines": [711], "excluded_lines": []}, "Environment.layout_type": {"executed_lines": [724], "summary": {"covered_lines": 1, "num_statements": 1, "percent_covered": 100.0, "percent_covered_display": "100", "missing_lines": 0, "excluded_lines": 0}, "missing_lines": [], "excluded_lines": []}, "Environment.n_bins": {"executed_lines": [744], "summary": {"covered_lines": 1, "num_statements": 1, "percent_covered": 100.0, "percent_covered_display": "100", "missing_lines": 0, "excluded_lines": 0}, "missing_lines": [], "excluded_lines": []}, "Environment.bin_at": {"executed_lines": [771], "summary": {"covered_lines": 1, "num_statements": 1, "percent_covered": 100.0, "percent_covered_display": "100", "missing_lines": 0, "excluded_lines": 0}, "missing_lines": [], "excluded_lines": []}, "Environment.contains": {"executed_lines": [794], "summary": {"covered_lines": 1, "num_statements": 1, "percent_covered": 100.0, "percent_covered_display": "100", "missing_lines": 0, "excluded_lines": 0}, "missing_lines": [], "excluded_lines": []}, "Environment.bin_center_of": {"executed_lines": [], "summary": {"covered_lines": 0, "num_statements": 1, "percent_covered": 0.0, "percent_covered_display": "0", "missing_lines": 1, "excluded_lines": 0}, "missing_lines": [821], "excluded_lines": []}, "Environment.neighbors": {"executed_lines": [847], "summary": {"covered_lines": 1, "num_statements": 1, "percent_covered": 100.0, "percent_covered_display": "100", "missing_lines": 0, "excluded_lines": 0}, "missing_lines": [], "excluded_lines": []}, "Environment.bin_sizes": {"executed_lines": [873], "summary": {"covered_lines": 1, "num_statements": 1, "percent_covered": 100.0, "percent_covered_display": "100", "missing_lines": 0, "excluded_lines": 0}, "missing_lines": [], "excluded_lines": []}, "Environment.boundary_bins": {"executed_lines": [886], "summary": {"covered_lines": 1, "num_statements": 1, "percent_covered": 100.0, "percent_covered_display": "100", "missing_lines": 0, "excluded_lines": 0}, "missing_lines": [], "excluded_lines": []}, "Environment.linearization_properties": {"executed_lines": [], "summary": {"covered_lines": 0, "num_statements": 2, "percent_covered": 0.0, "percent_covered_display": "0", "missing_lines": 2, "excluded_lines": 0}, "missing_lines": [911, 912], "excluded_lines": []}, "Environment.bin_attributes": {"executed_lines": [937, 938, 941, 942, 944, 945, 946, 947, 949], "summary": {"covered_lines": 9, "num_statements": 10, "percent_covered": 90.0, "percent_covered_display": "90", "missing_lines": 1, "excluded_lines": 0}, "missing_lines": [939], "excluded_lines": []}, "Environment.edge_attributes": {"executed_lines": [975, 976, 981, 986, 988, 992], "summary": {"covered_lines": 6, "num_statements": 7, "percent_covered": 85.71428571428571, "percent_covered_display": "86", "missing_lines": 1, "excluded_lines": 0}, "missing_lines": [977], "excluded_lines": []}, "Environment.distance_between": {"executed_lines": [1024, 1025, 1027, 1031, 1032], "summary": {"covered_lines": 5, "num_statements": 8, "percent_covered": 62.5, "percent_covered_display": "62", "missing_lines": 3, "excluded_lines": 0}, "missing_lines": [1029, 1038, 1039], "excluded_lines": []}, "Environment.shortest_path": {"executed_lines": [1076, 1078, 1079, 1081, 1082, 1088, 1089, 1096, 1098], "summary": {"covered_lines": 9, "num_statements": 11, "percent_covered": 81.81818181818181, "percent_covered_display": "82", "missing_lines": 2, "excluded_lines": 0}, "missing_lines": [1090, 1095], "excluded_lines": []}, "Environment.to_linear": {"executed_lines": [1129, 1131], "summary": {"covered_lines": 2, "num_statements": 3, "percent_covered": 66.66666666666667, "percent_covered_display": "67", "missing_lines": 1, "excluded_lines": 0}, "missing_lines": [1130], "excluded_lines": []}, "Environment.linear_to_nd": {"executed_lines": [1161, 1163], "summary": {"covered_lines": 2, "num_statements": 3, "percent_covered": 66.66666666666667, "percent_covered_display": "67", "missing_lines": 1, "excluded_lines": 0}, "missing_lines": [1162], "excluded_lines": []}, "Environment.plot": {"executed_lines": [1209, 1210, 1212, 1214, 1220, 1221, 1226, 1229, 1230, 1232], "summary": {"covered_lines": 10, "num_statements": 13, "percent_covered": 76.92307692307692, "percent_covered_display": "77", "missing_lines": 3, "excluded_lines": 0}, "missing_lines": [1215, 1217, 1218], "excluded_lines": []}, "Environment.plot_1D": {"executed_lines": [1271, 1272, 1273, 1274, 1275, 1288], "summary": {"covered_lines": 6, "num_statements": 8, "percent_covered": 75.0, "percent_covered_display": "75", "missing_lines": 2, "excluded_lines": 0}, "missing_lines": [1277, 1283], "excluded_lines": []}, "Environment.save": {"executed_lines": [1301, 1302, 1303], "summary": {"covered_lines": 3, "num_statements": 3, "percent_covered": 100.0, "percent_covered_display": "100", "missing_lines": 0, "excluded_lines": 0}, "missing_lines": [], "excluded_lines": []}, "Environment.load": {"executed_lines": [1325, 1326, 1327, 1329], "summary": {"covered_lines": 4, "num_statements": 5, "percent_covered": 80.0, "percent_covered_display": "80", "missing_lines": 1, "excluded_lines": 0}, "missing_lines": [1328], "excluded_lines": []}, "Environment.bins_in_region": {"executed_lines": [], "summary": {"covered_lines": 0, "num_statements": 12, "percent_covered": 0.0, "percent_covered_display": "0", "missing_lines": 12, "excluded_lines": 6}, "missing_lines": [1354, 1356, 1357, 1358, 1359, 1363, 1364, 1366, 1374, 1376, 1377, 1381], "excluded_lines": [1367, 1368, 1369, 1370, 1383, 1384]}, "Environment.mask_for_region": {"executed_lines": [], "summary": {"covered_lines": 0, "num_statements": 5, "percent_covered": 0.0, "percent_covered_display": "0", "missing_lines": 5, "excluded_lines": 0}, "missing_lines": [1397, 1398, 1399, 1400, 1401], "excluded_lines": []}, "": {"executed_lines": [1, 3, 4, 5, 6, 7, 8, 9, 11, 12, 13, 14, 15, 17, 18, 19, 20, 21, 22, 24, 25, 27, 38, 42, 67, 68, 69, 131, 132, 135, 136, 137, 140, 141, 142, 145, 148, 149, 152, 153, 156, 160, 227, 230, 270, 302, 303, 304, 331, 332, 437, 438, 484, 485, 533, 534, 580, 581, 623, 624, 656, 657, 671, 672, 673, 691, 692, 693, 713, 714, 715, 726, 727, 728, 746, 747, 773, 774, 796, 797, 823, 824, 849, 850, 851, 875, 876, 877, 893, 894, 895, 918, 919, 920, 951, 952, 953, 994, 1041, 1042, 1103, 1104, 1133, 1134, 1165, 1166, 1234, 1290, 1291, 1305, 1306, 1331, 1332, 1386, 1387], "summary": {"covered_lines": 113, "num_statements": 119, "percent_covered": 94.95798319327731, "percent_covered_display": "95", "missing_lines": 6, "excluded_lines": 1}, "missing_lines": [28, 29, 31, 32, 33, 35], "excluded_lines": [230]}}, "classes": {"Environment": {"executed_lines": [191, 192, 194, 199, 205, 208, 209, 210, 211, 212, 213, 214, 215, 216, 217, 225, 281, 282, 283, 286, 287, 288, 293, 296, 300, 389, 390, 397, 398, 405, 412, 413, 423, 424, 435, 522, 527, 568, 574, 615, 621, 653, 654, 669, 689, 724, 744, 771, 794, 847, 873, 886, 937, 938, 941, 942, 944, 945, 946, 947, 949, 975, 976, 981, 986, 988, 992, 1024, 1025, 1027, 1031, 1032, 1076, 1078, 1079, 1081, 1082, 1088, 1089, 1096, 1098, 1129, 1131, 1161, 1163, 1209, 1210, 1212, 1214, 1220, 1221, 1226, 1229, 1230, 1232, 1271, 1272, 1273, 1274, 1275, 1288, 1301, 1302, 1303, 1325, 1326, 1327, 1329], "summary": {"covered_lines": 108, "num_statements": 154, "percent_covered": 70.12987012987013, "percent_covered_display": "70", "missing_lines": 46, "excluded_lines": 46}, "missing_lines": [218, 219, 222, 228, 295, 298, 324, 391, 476, 482, 711, 821, 911, 912, 939, 977, 1029, 1038, 1039, 1090, 1095, 1130, 1162, 1215, 1217, 1218, 1277, 1283, 1328, 1354, 1356, 1357, 1358, 1359, 1363, 1364, 1366, 1374, 1376, 1377, 1381, 1397, 1398, 1399, 1400, 1401], "excluded_lines": [231, 232, 233, 234, 235, 236, 237, 238, 239, 240, 241, 242, 243, 244, 245, 246, 247, 248, 249, 250, 251, 252, 253, 254, 255, 256, 257, 258, 259, 260, 261, 262, 263, 264, 265, 266, 267, 268, 399, 430, 1367, 1368, 1369, 1370, 1383, 1384]}, "": {"executed_lines": [1, 3, 4, 5, 6, 7, 8, 9, 11, 12, 13, 14, 15, 17, 18, 19, 20, 21, 22, 24, 25, 27, 38, 42, 53, 54, 55, 61, 63, 67, 68, 69, 131, 132, 135, 136, 137, 140, 141, 142, 145, 148, 149, 152, 153, 156, 160, 227, 230, 270, 302, 303, 304, 331, 332, 437, 438, 484, 485, 533, 534, 580, 581, 623, 624, 656, 657, 671, 672, 673, 691, 692, 693, 713, 714, 715, 726, 727, 728, 746, 747, 773, 774, 796, 797, 823, 824, 849, 850, 851, 875, 876, 877, 893, 894, 895, 918, 919, 920, 951, 952, 953, 994, 1041, 1042, 1103, 1104, 1133, 1134, 1165, 1166, 1234, 1290, 1291, 1305, 1306, 1331, 1332, 1386, 1387], "summary": {"covered_lines": 118, "num_statements": 125, "percent_covered": 94.4, "percent_covered_display": "94", "missing_lines": 7, "excluded_lines": 1}, "missing_lines": [28, 29, 31, 32, 33, 35, 56], "excluded_lines": [230]}}}, "src/neurospatial/layout/__init__.py": {"executed_lines": [1, 2, 3, 4, 5, 6, 7, 8, 9, 10, 12], "summary": {"covered_lines": 11, "num_statements": 11, "percent_covered": 100.0, "percent_covered_display": "100", "missing_lines": 0, "excluded_lines": 0}, "missing_lines": [], "excluded_lines": [], "functions": {"": {"executed_lines": [1, 2, 3, 4, 5, 6, 7, 8, 9, 10, 12], "summary": {"covered_lines": 11, "num_statements": 11, "percent_covered": 100.0, "percent_covered_display": "100", "missing_lines": 0, "excluded_lines": 0}, "missing_lines": [], "excluded_lines": []}}, "classes": {"": {"executed_lines": [1, 2, 3, 4, 5, 6, 7, 8, 9, 10, 12], "summary": {"covered_lines": 11, "num_statements": 11, "percent_covered": 100.0, "percent_covered_display": "100", "missing_lines": 0, "excluded_lines": 0}, "missing_lines": [], "excluded_lines": []}}}, "src/neurospatial/layout/base.py": {"executed_lines": [1, 2, 4, 5, 6, 7, 10, 11, 12, 70, 71, 72, 75, 76, 77, 80, 81, 84, 96, 117, 118, 130, 146], "summary": {"covered_lines": 20, "num_statements": 24, "percent_covered": 83.33333333333333, "percent_covered_display": "83", "missing_lines": 4, "excluded_lines": 12}, "missing_lines": [94, 115, 144, 166], "excluded_lines": [117, 118, 119, 120, 121, 122, 123, 124, 125, 126, 127, 128], "functions": {"LayoutEngine.build": {"executed_lines": [], "summary": {"covered_lines": 0, "num_statements": 1, "percent_covered": 0.0, "percent_covered_display": "0", "missing_lines": 1, "excluded_lines": 0}, "missing_lines": [94], "excluded_lines": []}, "LayoutEngine.point_to_bin_index": {"executed_lines": [], "summary": {"covered_lines": 0, "num_statements": 1, "percent_covered": 0.0, "percent_covered_display": "0", "missing_lines": 1, "excluded_lines": 0}, "missing_lines": [115], "excluded_lines": []}, "LayoutEngine.is_1d": {"executed_lines": [], "summary": {"covered_lines": 0, "num_statements": 0, "percent_covered": 100.0, "percent_covered_display": "100", "missing_lines": 0, "excluded_lines": 10}, "missing_lines": [], "excluded_lines": [119, 120, 121, 122, 123, 124, 125, 126, 127, 128]}, "LayoutEngine.bin_sizes": {"executed_lines": [], "summary": {"covered_lines": 0, "num_statements": 1, "percent_covered": 0.0, "percent_covered_display": "0", "missing_lines": 1, "excluded_lines": 0}, "missing_lines": [144], "excluded_lines": []}, "LayoutEngine.plot": {"executed_lines": [], "summary": {"covered_lines": 0, "num_statements": 1, "percent_covered": 0.0, "percent_covered_display": "0", "missing_lines": 1, "excluded_lines": 0}, "missing_lines": [166], "excluded_lines": []}, "": {"executed_lines": [1, 2, 4, 5, 6, 7, 10, 11, 12, 70, 71, 72, 75, 76, 77, 80, 81, 84, 96, 117, 118, 130, 146], "summary": {"covered_lines": 20, "num_statements": 20, "percent_covered": 100.0, "percent_covered_display": "100", "missing_lines": 0, "excluded_lines": 2}, "missing_lines": [], "excluded_lines": [117, 118]}}, "classes": {"LayoutEngine": {"executed_lines": [], "summary": {"covered_lines": 0, "num_statements": 4, "percent_covered": 0.0, "percent_covered_display": "0", "missing_lines": 4, "excluded_lines": 10}, "missing_lines": [94, 115, 144, 166], "excluded_lines": [119, 120, 121, 122, 123, 124, 125, 126, 127, 128]}, "": {"executed_lines": [1, 2, 4, 5, 6, 7, 10, 11, 12, 70, 71, 72, 75, 76, 77, 80, 81, 84, 96, 117, 118, 130, 146], "summary": {"covered_lines": 20, "num_statements": 20, "percent_covered": 100.0, "percent_covered_display": "100", "missing_lines": 0, "excluded_lines": 2}, "missing_lines": [], "excluded_lines": [117, 118]}}}, "src/neurospatial/layout/engines/__init__.py": {"executed_lines": [0], "summary": {"covered_lines": 0, "num_statements": 0, "percent_covered": 100.0, "percent_covered_display": "100", "missing_lines": 0, "excluded_lines": 0}, "missing_lines": [], "excluded_lines": [], "functions": {"": {"executed_lines": [], "summary": {"covered_lines": 0, "num_statements": 0, "percent_covered": 100.0, "percent_covered_display": "100", "missing_lines": 0, "excluded_lines": 0}, "missing_lines": [], "excluded_lines": []}}, "classes": {"": {"executed_lines": [], "summary": {"covered_lines": 0, "num_statements": 0, "percent_covered": 100.0, "percent_covered_display": "100", "missing_lines": 0, "excluded_lines": 0}, "missing_lines": [], "excluded_lines": []}}}, "src/neurospatial/layout/engines/graph.py": {"executed_lines": [1, 2, 4, 5, 6, 7, 8, 9, 10, 11, 13, 19, 22, 23, 33, 34, 35, 37, 38, 39, 41, 42, 45, 47, 49, 50, 51, 52, 53, 54, 55, 56, 57, 59, 94, 95, 97, 99, 101, 104, 113, 114, 120, 121, 128, 137, 139, 140, 142, 144, 172, 176, 179, 187, 188, 194, 198, 199, 209, 210, 219, 220, 221, 223, 229, 230, 238, 240, 264, 267, 274, 275, 276, 277, 278, 280, 282, 299, 306, 322, 329, 350, 364, 366, 371, 372], "summary": {"covered_lines": 83, "num_statements": 89, "percent_covered": 93.25842696629213, "percent_covered_display": "93", "missing_lines": 6, "excluded_lines": 4}, "missing_lines": [98, 100, 102, 173, 265, 346], "excluded_lines": [364, 365, 366, 367], "functions": {"GraphLayout.__init__": {"executed_lines": [49, 50, 51, 52, 53, 54, 55, 56, 57], "summary": {"covered_lines": 9, "num_statements": 9, "percent_covered": 100.0, "percent_covered_display": "100", "missing_lines": 0, "excluded_lines": 0}, "missing_lines": [], "excluded_lines": []}, "GraphLayout.build": {"executed_lines": [94, 95, 97, 99, 101, 104, 113, 114, 120, 121, 128, 137], "summary": {"covered_lines": 12, "num_statements": 15, "percent_covered": 80.0, "percent_covered_display": "80", "missing_lines": 3, "excluded_lines": 0}, "missing_lines": [98, 100, 102], "excluded_lines": []}, "GraphLayout.is_1d": {"executed_lines": [142], "summary": {"covered_lines": 1, "num_statements": 1, "percent_covered": 100.0, "percent_covered_display": "100", "missing_lines": 0, "excluded_lines": 0}, "missing_lines": [], "excluded_lines": []}, "GraphLayout.plot": {"executed_lines": [172, 176, 179, 187, 188, 194, 198, 199, 209, 210, 219, 220, 221, 223, 229, 230, 238], "summary": {"covered_lines": 17, "num_statements": 18, "percent_covered": 94.44444444444444, "percent_covered_display": "94", "missing_lines": 1, "excluded_lines": 0}, "missing_lines": [173], "excluded_lines": []}, "GraphLayout.plot_linear_layout": {"executed_lines": [264, 267, 274, 275, 276, 277, 278, 280], "summary": {"covered_lines": 8, "num_statements": 9, "percent_covered": 88.88888888888889, "percent_covered_display": "89", "missing_lines": 1, "excluded_lines": 0}, "missing_lines": [265], "excluded_lines": []}, "GraphLayout.to_linear": {"executed_lines": [299], "summary": {"covered_lines": 1, "num_statements": 1, "percent_covered": 100.0, "percent_covered_display": "100", "missing_lines": 0, "excluded_lines": 0}, "missing_lines": [], "excluded_lines": []}, "GraphLayout.linear_to_nd": {"executed_lines": [322], "summary": {"covered_lines": 1, "num_statements": 1, "percent_covered": 100.0, "percent_covered_display": "100", "missing_lines": 0, "excluded_lines": 0}, "missing_lines": [], "excluded_lines": []}, "GraphLayout.linear_point_to_bin_ind": {"executed_lines": [], "summary": {"covered_lines": 0, "num_statements": 1, "percent_covered": 0.0, "percent_covered_display": "0", "missing_lines": 1, "excluded_lines": 0}, "missing_lines": [346], "excluded_lines": []}, "GraphLayout.bin_sizes": {"executed_lines": [364, 366, 371, 372], "summary": {"covered_lines": 2, "num_statements": 2, "percent_covered": 100.0, "percent_covered_display": "100", "missing_lines": 0, "excluded_lines": 4}, "missing_lines": [], "excluded_lines": [364, 365, 366, 367]}, "": {"executed_lines": [1, 2, 4, 5, 6, 7, 8, 9, 10, 11, 13, 19, 22, 23, 33, 34, 35, 37, 38, 39, 41, 42, 45, 47, 59, 139, 140, 144, 240, 282, 306, 329, 350], "summary": {"covered_lines": 32, "num_statements": 32, "percent_covered": 100.0, "percent_covered_display": "100", "missing_lines": 0, "excluded_lines": 0}, "missing_lines": [], "excluded_lines": []}}, "classes": {"GraphLayout": {"executed_lines": [49, 50, 51, 52, 53, 54, 55, 56, 57, 94, 95, 97, 99, 101, 104, 113, 114, 120, 121, 128, 137, 142, 172, 176, 179, 187, 188, 194, 198, 199, 209, 210, 219, 220, 221, 223, 229, 230, 238, 264, 267, 274, 275, 276, 277, 278, 280, 299, 322, 364, 366, 371, 372], "summary": {"covered_lines": 51, "num_statements": 57, "percent_covered": 89.47368421052632, "percent_covered_display": "89", "missing_lines": 6, "excluded_lines": 4}, "missing_lines": [98, 100, 102, 173, 265, 346], "excluded_lines": [364, 365, 366, 367]}, "": {"executed_lines": [1, 2, 4, 5, 6, 7, 8, 9, 10, 11, 13, 19, 22, 23, 33, 34, 35, 37, 38, 39, 41, 42, 45, 47, 59, 139, 140, 144, 240, 282, 306, 329, 350], "summary": {"covered_lines": 32, "num_statements": 32, "percent_covered": 100.0, "percent_covered_display": "100", "missing_lines": 0, "excluded_lines": 0}, "missing_lines": [], "excluded_lines": []}}}, "src/neurospatial/layout/engines/hexagonal.py": {"executed_lines": [1, 2, 3, 5, 6, 7, 8, 9, 10, 11, 13, 19, 22, 23, 31, 32, 33, 35, 36, 37, 39, 40, 43, 44, 46, 48, 49, 50, 51, 52, 53, 54, 55, 56, 57, 58, 59, 60, 61, 63, 100, 101, 103, 104, 117, 118, 127, 129, 130, 131, 133, 135, 141, 146, 147, 149, 151, 242, 259, 274, 281, 289, 305, 310, 311], "summary": {"covered_lines": 63, "num_statements": 79, "percent_covered": 79.74683544303798, "percent_covered_display": "80", "missing_lines": 16, "excluded_lines": 2}, "missing_lines": [174, 181, 187, 197, 203, 213, 214, 215, 225, 226, 227, 233, 239, 240, 267, 272], "excluded_lines": [305, 306], "functions": {"HexagonalLayout.__init__": {"executed_lines": [48, 49, 50, 51, 52, 53, 54, 55, 56, 57, 58, 59, 60, 61], "summary": {"covered_lines": 14, "num_statements": 14, "percent_covered": 100.0, "percent_covered_display": "100", "missing_lines": 0, "excluded_lines": 0}, "missing_lines": [], "excluded_lines": []}, "HexagonalLayout.build": {"executed_lines": [100, 101, 103, 104, 117, 118, 127, 129, 130, 131, 133, 135, 141], "summary": {"covered_lines": 13, "num_statements": 13, "percent_covered": 100.0, "percent_covered_display": "100", "missing_lines": 0, "excluded_lines": 0}, "missing_lines": [], "excluded_lines": []}, "HexagonalLayout.is_1d": {"executed_lines": [149], "summary": {"covered_lines": 1, "num_statements": 1, "percent_covered": 100.0, "percent_covered_display": "100", "missing_lines": 0, "excluded_lines": 0}, "missing_lines": [], "excluded_lines": []}, "HexagonalLayout.plot": {"executed_lines": [], "summary": {"covered_lines": 0, "num_statements": 14, "percent_covered": 0.0, "percent_covered_display": "0", "missing_lines": 14, "excluded_lines": 0}, "missing_lines": [174, 181, 187, 197, 203, 213, 214, 215, 225, 226, 227, 233, 239, 240], "excluded_lines": []}, "HexagonalLayout.point_to_bin_index": {"executed_lines": [259, 274, 281], "summary": {"covered_lines": 3, "num_statements": 5, "percent_covered": 60.0, "percent_covered_display": "60", "missing_lines": 2, "excluded_lines": 0}, "missing_lines": [267, 272], "excluded_lines": []}, "HexagonalLayout.bin_sizes": {"executed_lines": [305, 310, 311], "summary": {"covered_lines": 2, "num_statements": 2, "percent_covered": 100.0, "percent_covered_display": "100", "missing_lines": 0, "excluded_lines": 2}, "missing_lines": [], "excluded_lines": [305, 306]}, "": {"executed_lines": [1, 2, 3, 5, 6, 7, 8, 9, 10, 11, 13, 19, 22, 23, 31, 32, 33, 35, 36, 37, 39, 40, 43, 44, 46, 63, 146, 147, 151, 242, 289], "summary": {"covered_lines": 30, "num_statements": 30, "percent_covered": 100.0, "percent_covered_display": "100", "missing_lines": 0, "excluded_lines": 0}, "missing_lines": [], "excluded_lines": []}}, "classes": {"HexagonalLayout": {"executed_lines": [48, 49, 50, 51, 52, 53, 54, 55, 56, 57, 58, 59, 60, 61, 100, 101, 103, 104, 117, 118, 127, 129, 130, 131, 133, 135, 141, 149, 259, 274, 281, 305, 310, 311], "summary": {"covered_lines": 33, "num_statements": 49, "percent_covered": 67.34693877551021, "percent_covered_display": "67", "missing_lines": 16, "excluded_lines": 2}, "missing_lines": [174, 181, 187, 197, 203, 213, 214, 215, 225, 226, 227, 233, 239, 240, 267, 272], "excluded_lines": [305, 306]}, "": {"executed_lines": [1, 2, 3, 5, 6, 7, 8, 9, 10, 11, 13, 19, 22, 23, 31, 32, 33, 35, 36, 37, 39, 40, 43, 44, 46, 63, 146, 147, 151, 242, 289], "summary": {"covered_lines": 30, "num_statements": 30, "percent_covered": 100.0, "percent_covered_display": "100", "missing_lines": 0, "excluded_lines": 0}, "missing_lines": [], "excluded_lines": []}}}, "src/neurospatial/layout/engines/image_mask.py": {"executed_lines": [1, 2, 4, 5, 6, 8, 11, 14, 15, 23, 24, 25, 27, 28, 29, 31, 32, 34, 36, 37, 38, 39, 40, 41, 42, 43, 45, 75, 77, 79, 81, 83, 85, 88, 89, 94, 95, 96, 105, 108, 109, 110, 111, 112, 113, 118, 119, 120, 123, 131, 132, 133], "summary": {"covered_lines": 51, "num_statements": 62, "percent_covered": 82.25806451612904, "percent_covered_display": "82", "missing_lines": 11, "excluded_lines": 0}, "missing_lines": [76, 78, 80, 82, 84, 86, 97, 98, 99, 101, 106], "excluded_lines": [], "functions": {"ImageMaskLayout.__init__": {"executed_lines": [36, 37, 38, 39, 40, 41, 42, 43], "summary": {"covered_lines": 8, "num_statements": 8, "percent_covered": 100.0, "percent_covered_display": "100", "missing_lines": 0, "excluded_lines": 0}, "missing_lines": [], "excluded_lines": []}, "ImageMaskLayout.build": {"executed_lines": [75, 77, 79, 81, 83, 85, 88, 89, 94, 95, 96, 105, 108, 109, 110, 111, 112, 113, 118, 119, 120, 123, 131, 132, 133], "summary": {"covered_lines": 25, "num_statements": 36, "percent_covered": 69.44444444444444, "percent_covered_display": "69", "missing_lines": 11, "excluded_lines": 0}, "missing_lines": [76, 78, 80, 82, 84, 86, 97, 98, 99, 101, 106], "excluded_lines": []}, "": {"executed_lines": [1, 2, 4, 5, 6, 8, 11, 14, 15, 23, 24, 25, 27, 28, 29, 31, 32, 34, 45], "summary": {"covered_lines": 18, "num_statements": 18, "percent_covered": 100.0, "percent_covered_display": "100", "missing_lines": 0, "excluded_lines": 0}, "missing_lines": [], "excluded_lines": []}}, "classes": {"ImageMaskLayout": {"executed_lines": [36, 37, 38, 39, 40, 41, 42, 43, 75, 77, 79, 81, 83, 85, 88, 89, 94, 95, 96, 105, 108, 109, 110, 111, 112, 113, 118, 119, 120, 123, 131, 132, 133], "summary": {"covered_lines": 33, "num_statements": 44, "percent_covered": 75.0, "percent_covered_display": "75", "missing_lines": 11, "excluded_lines": 0}, "missing_lines": [76, 78, 80, 82, 84, 86, 97, 98, 99, 101, 106], "excluded_lines": []}, "": {"executed_lines": [1, 2, 4, 5, 6, 8, 11, 14, 15, 23, 24, 25, 27, 28, 29, 31, 32, 34, 45], "summary": {"covered_lines": 18, "num_statements": 18, "percent_covered": 100.0, "percent_covered_display": "100", "missing_lines": 0, "excluded_lines": 0}, "missing_lines": [], "excluded_lines": []}}}, "src/neurospatial/layout/engines/masked_grid.py": {"executed_lines": [1, 2, 4, 5, 6, 8, 11, 12, 15, 16, 25, 26, 27, 29, 30, 31, 33, 34, 35, 37, 39, 40, 41, 42, 43, 44, 45, 46, 47, 49, 77, 78, 80, 81, 82, 84, 91, 92, 93, 97, 101, 104, 106], "summary": {"covered_lines": 42, "num_statements": 43, "percent_covered": 97.67441860465117, "percent_covered_display": "98", "missing_lines": 1, "excluded_lines": 0}, "missing_lines": [85], "excluded_lines": [], "functions": {"MaskedGridLayout.__init__": {"executed_lines": [39, 40, 41, 42, 43, 44, 45, 46, 47], "summary": {"covered_lines": 9, "num_statements": 9, "percent_covered": 100.0, "percent_covered_display": "100", "missing_lines": 0, "excluded_lines": 0}, "missing_lines": [], "excluded_lines": []}, "MaskedGridLayout.build": {"executed_lines": [77, 78, 80, 81, 82, 84, 91, 92, 93, 97, 101, 104, 106], "summary": {"covered_lines": 13, "num_statements": 14, "percent_covered": 92.85714285714286, "percent_covered_display": "93", "missing_lines": 1, "excluded_lines": 0}, "missing_lines": [85], "excluded_lines": []}, "": {"executed_lines": [1, 2, 4, 5, 6, 8, 11, 12, 15, 16, 25, 26, 27, 29, 30, 31, 33, 34, 35, 37, 49], "summary": {"covered_lines": 20, "num_statements": 20, "percent_covered": 100.0, "percent_covered_display": "100", "missing_lines": 0, "excluded_lines": 0}, "missing_lines": [], "excluded_lines": []}}, "classes": {"MaskedGridLayout": {"executed_lines": [39, 40, 41, 42, 43, 44, 45, 46, 47, 77, 78, 80, 81, 82, 84, 91, 92, 93, 97, 101, 104, 106], "summary": {"covered_lines": 22, "num_statements": 23, "percent_covered": 95.65217391304348, "percent_covered_display": "96", "missing_lines": 1, "excluded_lines": 0}, "missing_lines": [85], "excluded_lines": []}, "": {"executed_lines": [1, 2, 4, 5, 6, 8, 11, 12, 15, 16, 25, 26, 27, 29, 30, 31, 33, 34, 35, 37, 49], "summary": {"covered_lines": 20, "num_statements": 20, "percent_covered": 100.0, "percent_covered_display": "100", "missing_lines": 0, "excluded_lines": 0}, "missing_lines": [], "excluded_lines": []}}}, "src/neurospatial/layout/engines/regular_grid.py": {"executed_lines": [1, 2, 4, 5, 6, 8, 13, 16, 19, 20, 29, 30, 31, 32, 33, 34, 36, 37, 39, 41, 42, 44, 45, 46, 47, 48, 49, 51, 95, 96, 99, 100, 103, 108, 114, 119, 130, 131, 142, 144, 149, 150], "summary": {"covered_lines": 41, "num_statements": 43, "percent_covered": 95.34883720930233, "percent_covered_display": "95", "missing_lines": 2, "excluded_lines": 0}, "missing_lines": [104, 145], "excluded_lines": [], "functions": {"RegularGridLayout.__init__": {"executed_lines": [41, 42, 44, 45, 46, 47, 48, 49], "summary": {"covered_lines": 8, "num_statements": 8, "percent_covered": 100.0, "percent_covered_display": "100", "missing_lines": 0, "excluded_lines": 0}, "missing_lines": [], "excluded_lines": []}, "RegularGridLayout.build": {"executed_lines": [95, 96, 99, 100, 103, 108, 114, 119, 130, 131, 142, 144, 149, 150], "summary": {"covered_lines": 14, "num_statements": 16, "percent_covered": 87.5, "percent_covered_display": "88", "missing_lines": 2, "excluded_lines": 0}, "missing_lines": [104, 145], "excluded_lines": []}, "": {"executed_lines": [1, 2, 4, 5, 6, 8, 13, 16, 19, 20, 29, 30, 31, 32, 33, 34, 36, 37, 39, 51], "summary": {"covered_lines": 19, "num_statements": 19, "percent_covered": 100.0, "percent_covered_display": "100", "missing_lines": 0, "excluded_lines": 0}, "missing_lines": [], "excluded_lines": []}}, "classes": {"RegularGridLayout": {"executed_lines": [41, 42, 44, 45, 46, 47, 48, 49, 95, 96, 99, 100, 103, 108, 114, 119, 130, 131, 142, 144, 149, 150], "summary": {"covered_lines": 22, "num_statements": 24, "percent_covered": 91.66666666666667, "percent_covered_display": "92", "missing_lines": 2, "excluded_lines": 0}, "missing_lines": [104, 145], "excluded_lines": []}, "": {"executed_lines": [1, 2, 4, 5, 6, 8, 13, 16, 19, 20, 29, 30, 31, 32, 33, 34, 36, 37, 39, 51], "summary": {"covered_lines": 19, "num_statements": 19, "percent_covered": 100.0, "percent_covered_display": "100", "missing_lines": 0, "excluded_lines": 0}, "missing_lines": [], "excluded_lines": []}}}, "src/neurospatial/layout/engines/shapely_polygon.py": {"executed_lines": [1, 2, 4, 5, 6, 7, 8, 9, 10, 12, 16, 19, 20, 29, 30, 31, 33, 34, 35, 37, 38, 41, 43, 45, 46, 47, 48, 49, 50, 51, 52, 53, 55, 87, 90, 91, 93, 94, 95, 97, 109, 114, 119, 121, 122, 129], "summary": {"covered_lines": 45, "num_statements": 79, "percent_covered": 56.962025316455694, "percent_covered_display": "57", "missing_lines": 34, "excluded_lines": 1}, "missing_lines": [88, 163, 170, 172, 174, 175, 176, 177, 185, 186, 187, 188, 189, 190, 191, 192, 193, 194, 196, 197, 198, 205, 206, 207, 210, 213, 214, 215, 216, 217, 218, 219, 220, 222], "excluded_lines": [224], "functions": {"ShapelyPolygonLayout.__init__": {"executed_lines": [45, 46, 47, 48, 49, 50, 51, 52, 53], "summary": {"covered_lines": 9, "num_statements": 9, "percent_covered": 100.0, "percent_covered_display": "100", "missing_lines": 0, "excluded_lines": 0}, "missing_lines": [], "excluded_lines": []}, "ShapelyPolygonLayout.build": {"executed_lines": [87, 90, 91, 93, 94, 95, 97, 109, 114, 119, 121, 122], "summary": {"covered_lines": 12, "num_statements": 13, "percent_covered": 92.3076923076923, "percent_covered_display": "92", "missing_lines": 1, "excluded_lines": 0}, "missing_lines": [88], "excluded_lines": []}, "ShapelyPolygonLayout.plot": {"executed_lines": [], "summary": {"covered_lines": 0, "num_statements": 33, "percent_covered": 0.0, "percent_covered_display": "0", "missing_lines": 33, "excluded_lines": 1}, "missing_lines": [163, 170, 172, 174, 175, 176, 177, 185, 186, 187, 188, 189, 190, 191, 192, 193, 194, 196, 197, 198, 205, 206, 207, 210, 213, 214, 215, 216, 217, 218, 219, 220, 222], "excluded_lines": [224]}, "": {"executed_lines": [1, 2, 4, 5, 6, 7, 8, 9, 10, 12, 16, 19, 20, 29, 30, 31, 33, 34, 35, 37, 38, 41, 43, 55, 129], "summary": {"covered_lines": 24, "num_statements": 24, "percent_covered": 100.0, "percent_covered_display": "100", "missing_lines": 0, "excluded_lines": 0}, "missing_lines": [], "excluded_lines": []}}, "classes": {"ShapelyPolygonLayout": {"executed_lines": [45, 46, 47, 48, 49, 50, 51, 52, 53, 87, 90, 91, 93, 94, 95, 97, 109, 114, 119, 121, 122], "summary": {"covered_lines": 21, "num_statements": 55, "percent_covered": 38.18181818181818, "percent_covered_display": "38", "missing_lines": 34, "excluded_lines": 1}, "missing_lines": [88, 163, 170, 172, 174, 175, 176, 177, 185, 186, 187, 188, 189, 190, 191, 192, 193, 194, 196, 197, 198, 205, 206, 207, 210, 213, 214, 215, 216, 217, 218, 219, 220, 222], "excluded_lines": [224]}, "": {"executed_lines": [1, 2, 4, 5, 6, 7, 8, 9, 10, 12, 16, 19, 20, 29, 30, 31, 33, 34, 35, 37, 38, 41, 43, 55, 129], "summary": {"covered_lines": 24, "num_statements": 24, "percent_covered": 100.0, "percent_covered_display": "100", "missing_lines": 0, "excluded_lines": 0}, "missing_lines": [], "excluded_lines": []}}}, "src/neurospatial/layout/engines/triangular_mesh.py": {"executed_lines": [1, 3, 4, 5, 7, 8, 9, 10, 11, 12, 13, 14, 15, 17, 27, 28, 34, 35, 37, 38, 39, 40, 41, 42, 45, 46, 47, 50, 52, 66, 168, 223, 224, 228, 362], "summary": {"covered_lines": 34, "num_statements": 165, "percent_covered": 20.606060606060606, "percent_covered_display": "21", "missing_lines": 131, "excluded_lines": 2}, "missing_lines": [53, 54, 55, 56, 57, 58, 59, 61, 62, 63, 64, 79, 80, 81, 82, 83, 84, 88, 89, 94, 95, 98, 103, 108, 111, 112, 117, 119, 120, 122, 125, 128, 131, 133, 134, 139, 142, 148, 151, 159, 163, 164, 165, 181, 185, 187, 188, 189, 192, 195, 196, 197, 198, 201, 204, 205, 206, 207, 210, 211, 212, 213, 216, 217, 218, 219, 221, 226, 269, 276, 278, 279, 282, 288, 289, 291, 292, 293, 295, 301, 302, 304, 310, 311, 314, 315, 316, 317, 318, 319, 322, 323, 324, 325, 329, 330, 332, 333, 336, 337, 342, 343, 344, 345, 346, 350, 351, 352, 353, 354, 355, 356, 359, 360, 393, 394, 398, 399, 403, 405, 407, 411, 412, 413, 414, 418, 425, 429, 432, 433, 435], "excluded_lines": [384, 388], "functions": {"TriangularMeshLayout.__init__": {"executed_lines": [], "summary": {"covered_lines": 0, "num_statements": 11, "percent_covered": 0.0, "percent_covered_display": "0", "missing_lines": 11, "excluded_lines": 0}, "missing_lines": [53, 54, 55, 56, 57, 58, 59, 61, 62, 63, 64], "excluded_lines": []}, "TriangularMeshLayout.build": {"executed_lines": [], "summary": {"covered_lines": 0, "num_statements": 32, "percent_covered": 0.0, "percent_covered_display": "0", "missing_lines": 32, "excluded_lines": 0}, "missing_lines": [79, 80, 81, 82, 83, 84, 88, 89, 94, 95, 98, 103, 108, 111, 112, 117, 119, 120, 122, 125, 128, 131, 133, 134, 139, 142, 148, 151, 159, 163, 164, 165], "excluded_lines": []}, "TriangularMeshLayout.point_to_bin_index": {"executed_lines": [], "summary": {"covered_lines": 0, "num_statements": 24, "percent_covered": 0.0, "percent_covered_display": "0", "missing_lines": 24, "excluded_lines": 0}, "missing_lines": [181, 185, 187, 188, 189, 192, 195, 196, 197, 198, 201, 204, 205, 206, 207, 210, 211, 212, 213, 216, 217, 218, 219, 221], "excluded_lines": []}, "TriangularMeshLayout.is_1d": {"executed_lines": [], "summary": {"covered_lines": 0, "num_statements": 1, "percent_covered": 0.0, "percent_covered_display": "0", "missing_lines": 1, "excluded_lines": 0}, "missing_lines": [226], "excluded_lines": []}, "TriangularMeshLayout.plot": {"executed_lines": [], "summary": {"covered_lines": 0, "num_statements": 46, "percent_covered": 0.0, "percent_covered_display": "0", "missing_lines": 46, "excluded_lines": 0}, "missing_lines": [269, 276, 278, 279, 282, 288, 289, 291, 292, 293, 295, 301, 302, 304, 310, 311, 314, 315, 316, 317, 318, 319, 322, 323, 324, 325, 329, 330, 332, 333, 336, 337, 342, 343, 344, 345, 346, 350, 351, 352, 353, 354, 355, 356, 359, 360], "excluded_lines": []}, "TriangularMeshLayout.bin_sizes": {"executed_lines": [], "summary": {"covered_lines": 0, "num_statements": 17, "percent_covered": 0.0, "percent_covered_display": "0", "missing_lines": 17, "excluded_lines": 2}, "missing_lines": [393, 394, 398, 399, 403, 405, 407, 411, 412, 413, 414, 418, 425, 429, 432, 433, 435], "excluded_lines": [384, 388]}, "": {"executed_lines": [1, 3, 4, 5, 7, 8, 9, 10, 11, 12, 13, 14, 15, 17, 27, 28, 34, 35, 37, 38, 39, 40, 41, 42, 45, 46, 47, 50, 52, 66, 168, 223, 224, 228, 362], "summary": {"covered_lines": 34, "num_statements": 34, "percent_covered": 100.0, "percent_covered_display": "100", "missing_lines": 0, "excluded_lines": 0}, "missing_lines": [], "excluded_lines": []}}, "classes": {"TriangularMeshLayout": {"executed_lines": [], "summary": {"covered_lines": 0, "num_statements": 131, "percent_covered": 0.0, "percent_covered_display": "0", "missing_lines": 131, "excluded_lines": 2}, "missing_lines": [53, 54, 55, 56, 57, 58, 59, 61, 62, 63, 64, 79, 80, 81, 82, 83, 84, 88, 89, 94, 95, 98, 103, 108, 111, 112, 117, 119, 120, 122, 125, 128, 131, 133, 134, 139, 142, 148, 151, 159, 163, 164, 165, 181, 185, 187, 188, 189, 192, 195, 196, 197, 198, 201, 204, 205, 206, 207, 210, 211, 212, 213, 216, 217, 218, 219, 221, 226, 269, 276, 278, 279, 282, 288, 289, 291, 292, 293, 295, 301, 302, 304, 310, 311, 314, 315, 316, 317, 318, 319, 322, 323, 324, 325, 329, 330, 332, 333, 336, 337, 342, 343, 344, 345, 346, 350, 351, 352, 353, 354, 355, 356, 359, 360, 393, 394, 398, 399, 403, 405, 407, 411, 412, 413, 414, 418, 425, 429, 432, 433, 435], "excluded_lines": [384, 388]}, "": {"executed_lines": [1, 3, 4, 5, 7, 8, 9, 10, 11, 12, 13, 14, 15, 17, 27, 28, 34, 35, 37, 38, 39, 40, 41, 42, 45, 46, 47, 50, 52, 66, 168, 223, 224, 228, 362], "summary": {"covered_lines": 34, "num_statements": 34, "percent_covered": 100.0, "percent_covered_display": "100", "missing_lines": 0, "excluded_lines": 0}, "missing_lines": [], "excluded_lines": []}}}, "src/neurospatial/layout/factories.py": {"executed_lines": [1, 2, 4, 5, 6, 7, 8, 9, 10, 13, 17, 28, 43, 46, 56, 57, 58, 59, 60, 61, 62, 63, 66, 93, 94, 102, 103, 106, 107, 108, 109, 110, 111, 112, 123, 126, 150, 151, 159, 160, 161, 164, 165, 168, 169, 170, 171, 175, 176], "summary": {"covered_lines": 49, "num_statements": 50, "percent_covered": 98.0, "percent_covered_display": "98", "missing_lines": 1, "excluded_lines": 0}, "missing_lines": [172], "excluded_lines": [], "functions": {"_normalize_name": {"executed_lines": [43], "summary": {"covered_lines": 1, "num_statements": 1, "percent_covered": 100.0, "percent_covered_display": "100", "missing_lines": 0, "excluded_lines": 0}, "missing_lines": [], "excluded_lines": []}, "list_available_layouts": {"executed_lines": [56, 57, 58, 59, 60, 61, 62, 63], "summary": {"covered_lines": 8, "num_statements": 8, "percent_covered": 100.0, "percent_covered_display": "100", "missing_lines": 0, "excluded_lines": 0}, "missing_lines": [], "excluded_lines": []}, "get_layout_parameters": {"executed_lines": [93, 94, 102, 103, 106, 107, 108, 109, 110, 111, 112, 123], "summary": {"covered_lines": 12, "num_statements": 12, "percent_covered": 100.0, "percent_covered_display": "100", "missing_lines": 0, "excluded_lines": 0}, "missing_lines": [], "excluded_lines": []}, "create_layout": {"executed_lines": [150, 151, 159, 160, 161, 164, 165, 168, 169, 170, 171, 175, 176], "summary": {"covered_lines": 13, "num_statements": 14, "percent_covered": 92.85714285714286, "percent_covered_display": "93", "missing_lines": 1, "excluded_lines": 0}, "missing_lines": [172], "excluded_lines": []}, "": {"executed_lines": [1, 2, 4, 5, 6, 7, 8, 9, 10, 13, 17, 28, 46, 66, 126], "summary": {"covered_lines": 15, "num_statements": 15, "percent_covered": 100.0, "percent_covered_display": "100", "missing_lines": 0, "excluded_lines": 0}, "missing_lines": [], "excluded_lines": []}}, "classes": {"": {"executed_lines": [1, 2, 4, 5, 6, 7, 8, 9, 10, 13, 17, 28, 43, 46, 56, 57, 58, 59, 60, 61, 62, 63, 66, 93, 94, 102, 103, 106, 107, 108, 109, 110, 111, 112, 123, 126, 150, 151, 159, 160, 161, 164, 165, 168, 169, 170, 171, 175, 176], "summary": {"covered_lines": 49, "num_statements": 50, "percent_covered": 98.0, "percent_covered_display": "98", "missing_lines": 1, "excluded_lines": 0}, "missing_lines": [172], "excluded_lines": []}}}, "src/neurospatial/layout/helpers/__init__.py": {"executed_lines": [0], "summary": {"covered_lines": 0, "num_statements": 0, "percent_covered": 100.0, "percent_covered_display": "100", "missing_lines": 0, "excluded_lines": 0}, "missing_lines": [], "excluded_lines": [], "functions": {"": {"executed_lines": [], "summary": {"covered_lines": 0, "num_statements": 0, "percent_covered": 100.0, "percent_covered_display": "100", "missing_lines": 0, "excluded_lines": 0}, "missing_lines": [], "excluded_lines": []}}, "classes": {"": {"executed_lines": [], "summary": {"covered_lines": 0, "num_statements": 0, "percent_covered": 100.0, "percent_covered_display": "100", "missing_lines": 0, "excluded_lines": 0}, "missing_lines": [], "excluded_lines": []}}}, "src/neurospatial/layout/helpers/graph.py": {"executed_lines": [1, 21, 22, 23, 24, 26, 27, 29, 31, 34, 75, 76, 79, 82, 83, 86, 87, 88, 90, 91, 92, 94, 103, 104, 109, 113, 114, 115, 116, 118, 119, 120, 121, 123, 125, 128, 130, 131, 132, 134, 136, 137, 138, 139, 140, 141, 144, 147, 148, 150, 151, 153, 156, 205, 208, 210, 213, 222, 236, 239, 240, 241, 242, 243, 244, 246, 247, 248, 250, 264, 267, 268, 271, 272, 273, 274, 275, 276, 277, 280, 293, 298, 299, 301, 304, 344, 345, 347, 349, 350, 352, 355, 356, 358, 361, 365, 366, 373, 377, 381, 383, 384, 387, 390, 395, 396, 399, 404, 411, 413, 416, 460, 461, 462, 463, 467, 468, 472, 473, 474, 476, 477, 479, 481, 482, 489, 491, 492], "summary": {"covered_lines": 127, "num_statements": 137, "percent_covered": 92.7007299270073, "percent_covered_display": "93", "missing_lines": 10, "excluded_lines": 0}, "missing_lines": [95, 105, 346, 351, 353, 357, 368, 369, 370, 465], "excluded_lines": [], "functions": {"_get_graph_bins": {"executed_lines": [75, 76, 79, 82, 83, 86, 87, 88, 90, 91, 92, 94, 103, 104, 109, 113, 114, 115, 116, 118, 119, 120, 121, 123, 125, 128, 130, 131, 132, 134, 136, 137, 138, 139, 140, 141, 144, 147, 148, 150, 151, 153], "summary": {"covered_lines": 42, "num_statements": 44, "percent_covered": 95.45454545454545, "percent_covered_display": "95", "missing_lines": 2, "excluded_lines": 0}, "missing_lines": [95, 105], "excluded_lines": []}, "_create_graph_layout_connectivity_graph": {"executed_lines": [205, 208, 210, 213, 222, 236, 239, 240, 241, 242, 243, 244, 246, 247, 248, 250, 264, 267, 268, 271, 272, 273, 274, 275, 276, 277, 280, 293, 298, 299, 301], "summary": {"covered_lines": 31, "num_statements": 31, "percent_covered": 100.0, "percent_covered_display": "100", "missing_lines": 0, "excluded_lines": 0}, "missing_lines": [], "excluded_lines": []}, "_project_1d_to_2d": {"executed_lines": [344, 345, 347, 349, 350, 352, 355, 356, 358, 361, 365, 366, 373, 377, 381, 383, 384, 387, 390, 395, 396, 399, 404, 411, 413], "summary": {"covered_lines": 25, "num_statements": 32, "percent_covered": 78.125, "percent_covered_display": "78", "missing_lines": 7, "excluded_lines": 0}, "missing_lines": [346, 351, 353, 357, 368, 369, 370], "excluded_lines": []}, "_find_bin_for_linear_position": {"executed_lines": [460, 461, 462, 463, 467, 468, 472, 473, 474, 476, 477, 479, 481, 482, 489, 491, 492], "summary": {"covered_lines": 17, "num_statements": 18, "percent_covered": 94.44444444444444, "percent_covered_display": "94", "missing_lines": 1, "excluded_lines": 0}, "missing_lines": [465], "excluded_lines": []}, "": {"executed_lines": [1, 21, 22, 23, 24, 26, 27, 29, 31, 34, 156, 304, 416], "summary": {"covered_lines": 12, "num_statements": 12, "percent_covered": 100.0, "percent_covered_display": "100", "missing_lines": 0, "excluded_lines": 0}, "missing_lines": [], "excluded_lines": []}}, "classes": {"": {"executed_lines": [1, 21, 22, 23, 24, 26, 27, 29, 31, 34, 75, 76, 79, 82, 83, 86, 87, 88, 90, 91, 92, 94, 103, 104, 109, 113, 114, 115, 116, 118, 119, 120, 121, 123, 125, 128, 130, 131, 132, 134, 136, 137, 138, 139, 140, 141, 144, 147, 148, 150, 151, 153, 156, 205, 208, 210, 213, 222, 236, 239, 240, 241, 242, 243, 244, 246, 247, 248, 250, 264, 267, 268, 271, 272, 273, 274, 275, 276, 277, 280, 293, 298, 299, 301, 304, 344, 345, 347, 349, 350, 352, 355, 356, 358, 361, 365, 366, 373, 377, 381, 383, 384, 387, 390, 395, 396, 399, 404, 411, 413, 416, 460, 461, 462, 463, 467, 468, 472, 473, 474, 476, 477, 479, 481, 482, 489, 491, 492], "summary": {"covered_lines": 127, "num_statements": 137, "percent_covered": 92.7007299270073, "percent_covered_display": "93", "missing_lines": 10, "excluded_lines": 0}, "missing_lines": [95, 105, 346, 351, 353, 357, 368, 369, 370, 465], "excluded_lines": []}}}, "src/neurospatial/layout/helpers/hexagonal.py": {"executed_lines": [1, 22, 24, 25, 26, 28, 29, 30, 33, 87, 88, 90, 93, 94, 95, 98, 100, 103, 104, 106, 107, 108, 109, 111, 113, 114, 115, 116, 117, 120, 121, 124, 125, 126, 127, 130, 133, 134, 137, 140, 141, 143, 144, 146, 157, 201, 208, 209, 210, 211, 214, 243, 244, 245, 250, 251, 252, 255, 256, 262, 263, 267, 268, 277, 280, 315, 316, 320, 323, 327, 328, 330, 333, 369, 370, 373, 375, 378, 379, 382, 386, 387, 390, 395, 398, 399, 403, 405, 408, 445, 453, 455, 460, 463, 465, 468, 487, 490, 494, 497, 530, 533, 535, 539, 545, 546, 547, 548, 549, 550, 552, 561, 562, 563, 564, 567, 570, 573, 574, 575, 578, 579, 582, 585, 587, 590, 592, 593, 596, 597, 598, 605, 610, 615, 616, 618], "summary": {"covered_lines": 135, "num_statements": 144, "percent_covered": 93.75, "percent_covered_display": "94", "missing_lines": 9, "excluded_lines": 0}, "missing_lines": [96, 105, 112, 205, 206, 371, 380, 457, 536], "excluded_lines": [], "functions": {"_create_hex_grid": {"executed_lines": [87, 88, 90, 93, 94, 95, 98, 100, 103, 104, 106, 107, 108, 109, 111, 113, 114, 115, 116, 117, 120, 121, 124, 125, 126, 127, 130, 133, 134, 137, 140, 141, 143, 144, 146], "summary": {"covered_lines": 35, "num_statements": 38, "percent_covered": 92.10526315789474, "percent_covered_display": "92", "missing_lines": 3, "excluded_lines": 0}, "missing_lines": [96, 105, 112], "excluded_lines": []}, "_cartesian_to_fractional_cube": {"executed_lines": [201, 208, 209, 210, 211], "summary": {"covered_lines": 5, "num_statements": 7, "percent_covered": 71.42857142857143, "percent_covered_display": "71", "missing_lines": 2, "excluded_lines": 0}, "missing_lines": [205, 206], "excluded_lines": []}, "_round_fractional_cube_to_integer_axial": {"executed_lines": [243, 244, 245, 250, 251, 252, 255, 256, 262, 263, 267, 268, 277], "summary": {"covered_lines": 13, "num_statements": 13, "percent_covered": 100.0, "percent_covered_display": "100", "missing_lines": 0, "excluded_lines": 0}, "missing_lines": [], "excluded_lines": []}, "_axial_to_offset_bin_indices": {"executed_lines": [315, 316, 320, 323, 327, 328, 330], "summary": {"covered_lines": 7, "num_statements": 7, "percent_covered": 100.0, "percent_covered_display": "100", "missing_lines": 0, "excluded_lines": 0}, "missing_lines": [], "excluded_lines": []}, "_points_to_hex_bin_ind": {"executed_lines": [369, 370, 373, 375, 378, 379, 382, 386, 387, 390, 395, 398, 399, 403, 405], "summary": {"covered_lines": 15, "num_statements": 17, "percent_covered": 88.23529411764706, "percent_covered_display": "88", "missing_lines": 2, "excluded_lines": 0}, "missing_lines": [371, 380], "excluded_lines": []}, "_infer_active_bins_from_hex_grid": {"executed_lines": [445, 453, 455, 460, 463, 465], "summary": {"covered_lines": 6, "num_statements": 7, "percent_covered": 85.71428571428571, "percent_covered_display": "86", "missing_lines": 1, "excluded_lines": 0}, "missing_lines": [457], "excluded_lines": []}, "_get_hex_grid_neighbor_deltas": {"executed_lines": [487, 490, 494], "summary": {"covered_lines": 3, "num_statements": 3, "percent_covered": 100.0, "percent_covered_display": "100", "missing_lines": 0, "excluded_lines": 0}, "missing_lines": [], "excluded_lines": []}, "_create_hex_connectivity_graph": {"executed_lines": [530, 533, 535, 539, 545, 546, 547, 548, 549, 550, 552, 561, 562, 563, 564, 567, 570, 573, 574, 575, 578, 579, 582, 585, 587, 590, 592, 593, 596, 597, 598, 605, 610, 615, 616, 618], "summary": {"covered_lines": 36, "num_statements": 37, "percent_covered": 97.29729729729729, "percent_covered_display": "97", "missing_lines": 1, "excluded_lines": 0}, "missing_lines": [536], "excluded_lines": []}, "": {"executed_lines": [1, 22, 24, 25, 26, 28, 29, 30, 33, 157, 214, 280, 333, 408, 468, 497], "summary": {"covered_lines": 15, "num_statements": 15, "percent_covered": 100.0, "percent_covered_display": "100", "missing_lines": 0, "excluded_lines": 0}, "missing_lines": [], "excluded_lines": []}}, "classes": {"": {"executed_lines": [1, 22, 24, 25, 26, 28, 29, 30, 33, 87, 88, 90, 93, 94, 95, 98, 100, 103, 104, 106, 107, 108, 109, 111, 113, 114, 115, 116, 117, 120, 121, 124, 125, 126, 127, 130, 133, 134, 137, 140, 141, 143, 144, 146, 157, 201, 208, 209, 210, 211, 214, 243, 244, 245, 250, 251, 252, 255, 256, 262, 263, 267, 268, 277, 280, 315, 316, 320, 323, 327, 328, 330, 333, 369, 370, 373, 375, 378, 379, 382, 386, 387, 390, 395, 398, 399, 403, 405, 408, 445, 453, 455, 460, 463, 465, 468, 487, 490, 494, 497, 530, 533, 535, 539, 545, 546, 547, 548, 549, 550, 552, 561, 562, 563, 564, 567, 570, 573, 574, 575, 578, 579, 582, 585, 587, 590, 592, 593, 596, 597, 598, 605, 610, 615, 616, 618], "summary": {"covered_lines": 135, "num_statements": 144, "percent_covered": 93.75, "percent_covered_display": "94", "missing_lines": 9, "excluded_lines": 0}, "missing_lines": [96, 105, 112, 205, 206, 371, 380, 457, 536], "excluded_lines": []}}}, "src/neurospatial/layout/helpers/regular_grid.py": {"executed_lines": [1, 23, 25, 26, 27, 28, 29, 31, 32, 33, 34, 36, 39, 83, 88, 94, 95, 98, 99, 101, 102, 105, 111, 112, 113, 114, 116, 125, 128, 130, 136, 137, 138, 139, 140, 141, 143, 145, 147, 150, 152, 153, 156, 159, 163, 166, 167, 170, 173, 174, 175, 176, 177, 178, 182, 183, 187, 190, 195, 196, 198, 201, 247, 249, 259, 260, 262, 263, 265, 267, 269, 271, 273, 275, 277, 279, 280, 283, 284, 285, 286, 287, 288, 289, 290, 291, 292, 293, 294, 296, 299, 343, 345, 346, 347, 349, 351, 352, 357, 358, 361, 362, 367, 371, 372, 376, 377, 378, 380, 383, 386, 387, 388, 389, 390, 394, 397, 398, 402, 403, 404, 406, 409, 410, 411, 412, 413, 414, 418, 419, 421, 424, 425, 428, 429, 431, 434, 471, 472, 476, 478, 481, 482, 485, 486, 490, 494, 497, 498, 500, 503, 506, 509, 512, 516, 518, 523, 530, 534, 537, 538, 543, 545, 546, 553, 555, 556], "summary": {"covered_lines": 166, "num_statements": 185, "percent_covered": 89.72972972972973, "percent_covered_display": "90", "missing_lines": 19, "excluded_lines": 0}, "missing_lines": [84, 89, 251, 252, 257, 344, 348, 353, 364, 365, 366, 368, 373, 381, 382, 392, 393, 479, 483], "excluded_lines": [], "functions": {"_create_regular_grid_connectivity_graph": {"executed_lines": [83, 88, 94, 95, 98, 99, 101, 102, 105, 111, 112, 113, 114, 116, 125, 128, 130, 136, 137, 138, 139, 140, 141, 143, 145, 147, 150, 152, 153, 156, 159, 163, 166, 167, 170, 173, 174, 175, 176, 177, 178, 182, 183, 187, 190, 195, 196, 198], "summary": {"covered_lines": 48, "num_statements": 50, "percent_covered": 96.0, "percent_covered_display": "96", "missing_lines": 2, "excluded_lines": 0}, "missing_lines": [84, 89], "excluded_lines": []}, "_infer_active_bins_from_regular_grid": {"executed_lines": [247, 249, 259, 260, 262, 263, 265, 267, 269, 271, 273, 275, 277, 279, 280, 283, 284, 285, 286, 287, 288, 289, 290, 291, 292, 293, 294, 296], "summary": {"covered_lines": 28, "num_statements": 31, "percent_covered": 90.3225806451613, "percent_covered_display": "90", "missing_lines": 3, "excluded_lines": 0}, "missing_lines": [251, 252, 257], "excluded_lines": []}, "_create_regular_grid": {"executed_lines": [343, 345, 346, 347, 349, 351, 352, 357, 358, 361, 362, 367, 371, 372, 376, 377, 378, 380, 383, 386, 387, 388, 389, 390, 394, 397, 398, 402, 403, 404, 406, 409, 410, 411, 412, 413, 414, 418, 419, 421, 424, 425, 428, 429, 431], "summary": {"covered_lines": 45, "num_statements": 57, "percent_covered": 78.94736842105263, "percent_covered_display": "79", "missing_lines": 12, "excluded_lines": 0}, "missing_lines": [344, 348, 353, 364, 365, 366, 368, 373, 381, 382, 392, 393], "excluded_lines": []}, "_points_to_regular_grid_bin_ind": {"executed_lines": [471, 472, 476, 478, 481, 482, 485, 486, 490, 494, 497, 498, 500, 503, 506, 509, 512, 516, 518, 523, 530, 534, 537, 538, 543, 545, 546, 553, 555, 556], "summary": {"covered_lines": 30, "num_statements": 32, "percent_covered": 93.75, "percent_covered_display": "94", "missing_lines": 2, "excluded_lines": 0}, "missing_lines": [479, 483], "excluded_lines": []}, "": {"executed_lines": [1, 23, 25, 26, 27, 28, 29, 31, 32, 33, 34, 36, 39, 201, 299, 434], "summary": {"covered_lines": 15, "num_statements": 15, "percent_covered": 100.0, "percent_covered_display": "100", "missing_lines": 0, "excluded_lines": 0}, "missing_lines": [], "excluded_lines": []}}, "classes": {"": {"executed_lines": [1, 23, 25, 26, 27, 28, 29, 31, 32, 33, 34, 36, 39, 83, 88, 94, 95, 98, 99, 101, 102, 105, 111, 112, 113, 114, 116, 125, 128, 130, 136, 137, 138, 139, 140, 141, 143, 145, 147, 150, 152, 153, 156, 159, 163, 166, 167, 170, 173, 174, 175, 176, 177, 178, 182, 183, 187, 190, 195, 196, 198, 201, 247, 249, 259, 260, 262, 263, 265, 267, 269, 271, 273, 275, 277, 279, 280, 283, 284, 285, 286, 287, 288, 289, 290, 291, 292, 293, 294, 296, 299, 343, 345, 346, 347, 349, 351, 352, 357, 358, 361, 362, 367, 371, 372, 376, 377, 378, 380, 383, 386, 387, 388, 389, 390, 394, 397, 398, 402, 403, 404, 406, 409, 410, 411, 412, 413, 414, 418, 419, 421, 424, 425, 428, 429, 431, 434, 471, 472, 476, 478, 481, 482, 485, 486, 490, 494, 497, 498, 500, 503, 506, 509, 512, 516, 518, 523, 530, 534, 537, 538, 543, 545, 546, 553, 555, 556], "summary": {"covered_lines": 166, "num_statements": 185, "percent_covered": 89.72972972972973, "percent_covered_display": "90", "missing_lines": 19, "excluded_lines": 0}, "missing_lines": [84, 89, 251, 252, 257, 344, 348, 353, 364, 365, 366, 368, 373, 381, 382, 392, 393, 479, 483], "excluded_lines": []}}}, "src/neurospatial/layout/helpers/triangular_mesh.py": {"executed_lines": [1, 17, 18, 19, 20, 21, 22, 28, 63, 99, 122, 200, 214], "summary": {"covered_lines": 12, "num_statements": 81, "percent_covered": 14.814814814814815, "percent_covered_display": "15", "missing_lines": 69, "excluded_lines": 0}, "missing_lines": [46, 47, 48, 50, 51, 53, 54, 56, 57, 59, 60, 82, 83, 86, 87, 88, 89, 93, 94, 107, 108, 110, 111, 114, 115, 116, 118, 119, 149, 150, 151, 154, 155, 156, 158, 160, 163, 165, 168, 171, 175, 180, 181, 182, 184, 185, 186, 190, 197, 204, 205, 206, 207, 208, 219, 220, 221, 222, 223, 224, 225, 226, 229, 231, 232, 233, 234, 237, 238], "excluded_lines": [], "functions": {"_generate_interior_points_for_mesh": {"executed_lines": [], "summary": {"covered_lines": 0, "num_statements": 11, "percent_covered": 0.0, "percent_covered_display": "0", "missing_lines": 11, "excluded_lines": 0}, "missing_lines": [46, 47, 48, 50, 51, 53, 54, 56, 57, 59, 60], "excluded_lines": []}, "_triangulate_points": {"executed_lines": [], "summary": {"covered_lines": 0, "num_statements": 8, "percent_covered": 0.0, "percent_covered_display": "0", "missing_lines": 8, "excluded_lines": 0}, "missing_lines": [82, 83, 86, 87, 88, 89, 93, 94], "excluded_lines": []}, "_filter_active_simplices_by_centroid": {"executed_lines": [], "summary": {"covered_lines": 0, "num_statements": 9, "percent_covered": 0.0, "percent_covered_display": "0", "missing_lines": 9, "excluded_lines": 0}, "missing_lines": [107, 108, 110, 111, 114, 115, 116, 118, 119], "excluded_lines": []}, "_build_mesh_connectivity_graph": {"executed_lines": [], "summary": {"covered_lines": 0, "num_statements": 21, "percent_covered": 0.0, "percent_covered_display": "0", "missing_lines": 21, "excluded_lines": 0}, "missing_lines": [149, 150, 151, 154, 155, 156, 158, 160, 163, 165, 168, 171, 175, 180, 181, 182, 184, 185, 186, 190, 197], "excluded_lines": []}, "_compute_mesh_dimension_ranges": {"executed_lines": [], "summary": {"covered_lines": 0, "num_statements": 5, "percent_covered": 0.0, "percent_covered_display": "0", "missing_lines": 5, "excluded_lines": 0}, "missing_lines": [204, 205, 206, 207, 208], "excluded_lines": []}, "_sample_polygon_boundary": {"executed_lines": [], "summary": {"covered_lines": 0, "num_statements": 15, "percent_covered": 0.0, "percent_covered_display": "0", "missing_lines": 15, "excluded_lines": 0}, "missing_lines": [219, 220, 221, 222, 223, 224, 225, 226, 229, 231, 232, 233, 234, 237, 238], "excluded_lines": []}, "": {"executed_lines": [1, 17, 18, 19, 20, 21, 22, 28, 63, 99, 122, 200, 214], "summary": {"covered_lines": 12, "num_statements": 12, "percent_covered": 100.0, "percent_covered_display": "100", "missing_lines": 0, "excluded_lines": 0}, "missing_lines": [], "excluded_lines": []}}, "classes": {"": {"executed_lines": [1, 17, 18, 19, 20, 21, 22, 28, 63, 99, 122, 200, 214], "summary": {"covered_lines": 12, "num_statements": 81, "percent_covered": 14.814814814814815, "percent_covered_display": "15", "missing_lines": 69, "excluded_lines": 0}, "missing_lines": [46, 47, 48, 50, 51, 53, 54, 56, 57, 59, 60, 82, 83, 86, 87, 88, 89, 93, 94, 107, 108, 110, 111, 114, 115, 116, 118, 119, 149, 150, 151, 154, 155, 156, 158, 160, 163, 165, 168, 171, 175, 180, 181, 182, 184, 185, 186, 190, 197, 204, 205, 206, 207, 208, 219, 220, 221, 222, 223, 224, 225, 226, 229, 231, 232, 233, 234, 237, 238], "excluded_lines": []}}}, "src/neurospatial/layout/helpers/utils.py": {"executed_lines": [1, 10, 12, 13, 14, 15, 17, 18, 19, 20, 21, 22, 23, 24, 27, 42, 45, 84, 86, 87, 88, 89, 92, 95, 96, 97, 100, 101, 103, 106, 147, 148, 150, 151, 153, 154, 159, 165, 166, 172, 173, 175, 192, 193, 213, 214, 232, 235, 237, 245, 246, 250, 257, 287, 288, 291, 293, 294, 295, 297, 298, 300, 301, 302, 303, 305, 310, 311, 312, 313, 316, 317, 318, 323, 324, 326, 327, 329, 330, 332, 334, 337, 376, 377, 379, 380, 383, 385, 386, 387, 393, 397, 398, 400, 401, 403, 404, 407, 408, 409, 410, 413, 414, 417, 419, 426, 427, 435, 436, 437, 438, 439, 441, 442, 443, 444, 445, 448, 449, 450, 451, 453, 456, 561, 685, 737, 738, 740, 743, 747, 748, 750, 751, 752, 753, 762, 763, 764, 765, 766, 767, 769, 770, 771, 772, 773, 774, 775, 776, 777, 778, 786, 787, 790, 791, 792, 794, 796, 801, 806, 808, 809, 818, 824, 826, 829, 831, 834], "summary": {"covered_lines": 167, "num_statements": 283, "percent_covered": 59.01060070671378, "percent_covered_display": "59", "missing_lines": 116, "excluded_lines": 0}, "missing_lines": [176, 182, 183, 184, 185, 194, 197, 203, 204, 205, 206, 215, 216, 221, 222, 223, 224, 238, 381, 388, 390, 391, 429, 491, 492, 493, 495, 497, 499, 501, 502, 507, 508, 510, 513, 514, 515, 516, 517, 518, 523, 525, 527, 528, 529, 530, 531, 532, 533, 538, 540, 545, 550, 555, 557, 558, 602, 603, 604, 606, 607, 609, 610, 612, 614, 617, 618, 623, 628, 629, 630, 631, 634, 637, 638, 639, 641, 643, 644, 645, 648, 651, 652, 653, 655, 657, 659, 660, 661, 664, 667, 670, 675, 676, 677, 680, 681, 682, 754, 760, 788, 795, 798, 804, 810, 868, 869, 873, 874, 876, 877, 878, 886, 887, 890, 891], "excluded_lines": [], "functions": {"get_centers": {"executed_lines": [42], "summary": {"covered_lines": 1, "num_statements": 1, "percent_covered": 100.0, "percent_covered_display": "100", "missing_lines": 0, "excluded_lines": 0}, "missing_lines": [], "excluded_lines": []}, "get_n_bins": {"executed_lines": [84, 86, 87, 88, 89, 92, 95, 96, 97, 100, 101, 103], "summary": {"covered_lines": 12, "num_statements": 12, "percent_covered": 100.0, "percent_covered_display": "100", "missing_lines": 0, "excluded_lines": 0}, "missing_lines": [], "excluded_lines": []}, "_infer_active_elements_from_samples": {"executed_lines": [147, 148, 150, 151, 153, 154, 159, 165, 166, 172, 173, 175, 192, 193, 213, 214, 232, 235, 237, 245, 246, 250], "summary": {"covered_lines": 22, "num_statements": 40, "percent_covered": 55.0, "percent_covered_display": "55", "missing_lines": 18, "excluded_lines": 0}, "missing_lines": [176, 182, 183, 184, 185, 194, 197, 203, 204, 205, 206, 215, 216, 221, 222, 223, 224, 238], "excluded_lines": []}, "_infer_dimension_ranges_from_samples": {"executed_lines": [287, 288, 291, 293, 294, 295, 297, 298, 300, 301, 302, 303, 305, 310, 311, 312, 313, 316, 317, 318, 323, 324, 326, 327, 329, 330, 332, 334], "summary": {"covered_lines": 28, "num_statements": 28, "percent_covered": 100.0, "percent_covered_display": "100", "missing_lines": 0, "excluded_lines": 0}, "missing_lines": [], "excluded_lines": []}, "_generic_graph_plot": {"executed_lines": [376, 377, 379, 380, 383, 385, 386, 387, 393, 397, 398, 400, 401, 403, 404, 407, 408, 409, 410, 413, 414, 417, 419, 426, 427, 435, 436, 437, 438, 439, 441, 442, 443, 444, 445, 448, 449, 4
[...]
s": [263, 272], "excluded_lines": []}, "Regions.to_dataframe": {"executed_lines": [], "summary": {"covered_lines": 0, "num_statements": 2, "percent_covered": 0.0, "percent_covered_display": "0", "missing_lines": 2, "excluded_lines": 0}, "missing_lines": [287, 289], "excluded_lines": []}, "Regions.to_json": {"executed_lines": [296, 300, 301, 302], "summary": {"covered_lines": 4, "num_statements": 4, "percent_covered": 100.0, "percent_covered_display": "100", "missing_lines": 0, "excluded_lines": 0}, "missing_lines": [], "excluded_lines": []}, "Regions.from_json": {"executed_lines": [307, 308, 310], "summary": {"covered_lines": 3, "num_statements": 4, "percent_covered": 75.0, "percent_covered_display": "75", "missing_lines": 1, "excluded_lines": 0}, "missing_lines": [309], "excluded_lines": []}, "": {"executed_lines": [1, 8, 10, 11, 12, 13, 14, 15, 17, 18, 19, 21, 27, 28, 35, 36, 37, 53, 54, 55, 56, 59, 64, 90, 96, 107, 108, 129, 130, 138, 144, 147, 154, 157, 160, 163, 168, 198, 202, 207, 214, 243, 276, 292, 294, 304, 305], "summary": {"covered_lines": 42, "num_statements": 42, "percent_covered": 100.0, "percent_covered_display": "100", "missing_lines": 0, "excluded_lines": 3}, "missing_lines": [], "excluded_lines": [21, 22, 163]}}, "classes": {"Region": {"executed_lines": [66, 68, 69, 73, 74, 75, 76, 77, 79, 80, 81, 82, 85, 91, 98, 100, 109, 110, 111, 112, 113, 116], "summary": {"covered_lines": 21, "num_statements": 23, "percent_covered": 91.30434782608695, "percent_covered_display": "91", "missing_lines": 2, "excluded_lines": 2}, "missing_lines": [70, 115], "excluded_lines": [84, 85]}, "Regions": {"executed_lines": [139, 140, 141, 142, 145, 148, 149, 150, 151, 152, 158, 164, 165, 180, 181, 182, 183, 185, 187, 190, 191, 193, 195, 196, 200, 204, 209, 210, 211, 212, 256, 257, 258, 259, 260, 261, 265, 266, 267, 268, 270, 271, 274, 296, 300, 301, 302, 307, 308, 310], "summary": {"covered_lines": 48, "num_statements": 63, "percent_covered": 76.19047619047619, "percent_covered_display": "76", "missing_lines": 15, "excluded_lines": 3}, "missing_lines": [155, 161, 188, 232, 233, 235, 237, 238, 239, 240, 263, 272, 287, 289, 309], "excluded_lines": [164, 165, 241]}, "": {"executed_lines": [1, 8, 10, 11, 12, 13, 14, 15, 17, 18, 19, 21, 27, 28, 35, 36, 37, 53, 54, 55, 56, 59, 64, 90, 96, 107, 108, 129, 130, 138, 144, 147, 154, 157, 160, 163, 168, 198, 202, 207, 214, 243, 276, 292, 294, 304, 305], "summary": {"covered_lines": 42, "num_statements": 42, "percent_covered": 100.0, "percent_covered_display": "100", "missing_lines": 0, "excluded_lines": 3}, "missing_lines": [], "excluded_lines": [21, 22, 163]}}}, "src/neurospatial/regions/io.py": {"executed_lines": [1, 10, 12, 13, 14, 15, 16, 17, 19, 20, 21, 22, 23, 25, 27, 33, 36, 59, 83, 192, 233, 259, 316, 336, 660, 718], "summary": {"covered_lines": 24, "num_statements": 287, "percent_covered": 8.362369337979095, "percent_covered_display": "8", "missing_lines": 263, "excluded_lines": 2}, "missing_lines": [49, 54, 55, 56, 72, 73, 74, 77, 119, 120, 123, 124, 125, 128, 129, 132, 134, 135, 136, 137, 139, 140, 142, 143, 146, 147, 148, 151, 153, 154, 155, 156, 159, 160, 161, 164, 166, 168, 169, 172, 173, 174, 175, 176, 179, 181, 189, 216, 217, 218, 219, 221, 222, 224, 227, 228, 230, 247, 249, 252, 254, 255, 256, 288, 289, 290, 292, 293, 294, 295, 296, 297, 298, 299, 300, 301, 302, 303, 304, 306, 307, 308, 309, 313, 325, 330, 331, 333, 367, 368, 369, 371, 372, 373, 374, 376, 378, 380, 381, 382, 383, 384, 385, 386, 392, 394, 398, 404, 405, 406, 407, 409, 410, 414, 415, 418, 419, 420, 421, 423, 424, 428, 429, 430, 431, 432, 436, 437, 438, 439, 440, 444, 446, 449, 452, 453, 454, 455, 457, 458, 462, 463, 464, 465, 466, 470, 471, 472, 475, 476, 479, 483, 487, 488, 492, 495, 496, 497, 499, 503, 504, 508, 509, 510, 511, 512, 516, 517, 518, 519, 520, 523, 526, 527, 531, 534, 535, 536, 537, 538, 539, 540, 541, 542, 543, 544, 545, 546, 550, 552, 555, 558, 559, 560, 561, 562, 563, 564, 565, 566, 568, 571, 572, 576, 580, 581, 582, 583, 584, 586, 587, 591, 592, 593, 594, 595, 596, 600, 603, 604, 605, 606, 610, 614, 615, 616, 620, 623, 624, 625, 629, 631, 634, 639, 640, 641, 643, 644, 646, 647, 648, 650, 654, 691, 692, 693, 694, 696, 697, 699, 700, 701, 704, 705, 707, 708, 710, 732, 733, 734, 735, 736, 738], "excluded_lines": [27, 28], "functions": {"regions_to_json": {"executed_lines": [], "summary": {"covered_lines": 0, "num_statements": 4, "percent_covered": 0.0, "percent_covered_display": "0", "missing_lines": 4, "excluded_lines": 0}, "missing_lines": [49, 54, 55, 56], "excluded_lines": []}, "regions_from_json": {"executed_lines": [], "summary": {"covered_lines": 0, "num_statements": 4, "percent_covered": 0.0, "percent_covered_display": "0", "missing_lines": 4, "excluded_lines": 0}, "missing_lines": [72, 73, 74, 77], "excluded_lines": []}, "load_labelme_json": {"executed_lines": [], "summary": {"covered_lines": 0, "num_statements": 39, "percent_covered": 0.0, "percent_covered_display": "0", "missing_lines": 39, "excluded_lines": 0}, "missing_lines": [119, 120, 123, 124, 125, 128, 129, 132, 134, 135, 136, 137, 139, 140, 142, 143, 146, 147, 148, 151, 153, 154, 155, 156, 159, 160, 161, 164, 166, 168, 169, 172, 173, 174, 175, 176, 179, 181, 189], "excluded_lines": []}, "_rle_to_mask": {"executed_lines": [], "summary": {"covered_lines": 0, "num_statements": 10, "percent_covered": 0.0, "percent_covered_display": "0", "missing_lines": 10, "excluded_lines": 0}, "missing_lines": [216, 217, 218, 219, 221, 222, 224, 227, 228, 230], "excluded_lines": []}, "_mask_to_polygon": {"executed_lines": [], "summary": {"covered_lines": 0, "num_statements": 6, "percent_covered": 0.0, "percent_covered_display": "0", "missing_lines": 6, "excluded_lines": 0}, "missing_lines": [247, 249, 252, 254, 255, 256], "excluded_lines": []}, "_parse_cvat_points": {"executed_lines": [], "summary": {"covered_lines": 0, "num_statements": 21, "percent_covered": 0.0, "percent_covered_display": "0", "missing_lines": 21, "excluded_lines": 0}, "missing_lines": [288, 289, 290, 292, 293, 294, 295, 296, 297, 298, 299, 300, 301, 302, 303, 304, 306, 307, 308, 309, 313], "excluded_lines": []}, "_create_cvat_region": {"executed_lines": [], "summary": {"covered_lines": 0, "num_statements": 4, "percent_covered": 0.0, "percent_covered_display": "0", "missing_lines": 4, "excluded_lines": 0}, "missing_lines": [325, 330, 331, 333], "excluded_lines": []}, "load_cvat_xml": {"executed_lines": [], "summary": {"covered_lines": 0, "num_statements": 150, "percent_covered": 0.0, "percent_covered_display": "0", "missing_lines": 150, "excluded_lines": 0}, "missing_lines": [367, 368, 369, 371, 372, 373, 374, 376, 378, 380, 381, 382, 383, 384, 385, 386, 392, 394, 409, 410, 414, 415, 418, 419, 420, 421, 423, 424, 428, 429, 430, 431, 432, 436, 437, 438, 439, 440, 444, 446, 449, 452, 453, 454, 455, 457, 458, 462, 463, 464, 465, 466, 470, 471, 472, 475, 476, 479, 483, 487, 488, 492, 495, 496, 497, 499, 503, 504, 508, 509, 510, 511, 512, 516, 517, 518, 519, 520, 523, 526, 527, 531, 534, 535, 536, 537, 538, 539, 540, 541, 542, 543, 544, 545, 546, 550, 552, 555, 558, 559, 560, 561, 562, 563, 564, 565, 566, 568, 571, 572, 576, 580, 581, 582, 583, 584, 586, 587, 591, 592, 593, 594, 595, 596, 600, 603, 604, 605, 606, 610, 614, 615, 616, 620, 623, 624, 625, 629, 631, 634, 639, 640, 641, 643, 644, 646, 647, 648, 650, 654], "excluded_lines": []}, "load_cvat_xml.get_processed_label_and_color": {"executed_lines": [], "summary": {"covered_lines": 0, "num_statements": 5, "percent_covered": 0.0, "percent_covered_display": "0", "missing_lines": 5, "excluded_lines": 0}, "missing_lines": [398, 404, 405, 406, 407], "excluded_lines": []}, "mask_to_region": {"executed_lines": [], "summary": {"covered_lines": 0, "num_statements": 14, "percent_covered": 0.0, "percent_covered_display": "0", "missing_lines": 14, "excluded_lines": 0}, "missing_lines": [691, 692, 693, 694, 696, 697, 699, 700, 701, 704, 705, 707, 708, 710], "excluded_lines": []}, "regions_to_dataframe": {"executed_lines": [], "summary": {"covered_lines": 0, "num_statements": 6, "percent_covered": 0.0, "percent_covered_display": "0", "missing_lines": 6, "excluded_lines": 0}, "missing_lines": [732, 733, 734, 735, 736, 738], "excluded_lines": []}, "": {"executed_lines": [1, 10, 12, 13, 14, 15, 16, 17, 19, 20, 21, 22, 23, 25, 27, 33, 36, 59, 83, 192, 233, 259, 316, 336, 660, 718], "summary": {"covered_lines": 24, "num_statements": 24, "percent_covered": 100.0, "percent_covered_display": "100", "missing_lines": 0, "excluded_lines": 2}, "missing_lines": [], "excluded_lines": [27, 28]}}, "classes": {"": {"executed_lines": [1, 10, 12, 13, 14, 15, 16, 17, 19, 20, 21, 22, 23, 25, 27, 33, 36, 59, 83, 192, 233, 259, 316, 336, 660, 718], "summary": {"covered_lines": 24, "num_statements": 287, "percent_covered": 8.362369337979095, "percent_covered_display": "8", "missing_lines": 263, "excluded_lines": 2}, "missing_lines": [49, 54, 55, 56, 72, 73, 74, 77, 119, 120, 123, 124, 125, 128, 129, 132, 134, 135, 136, 137, 139, 140, 142, 143, 146, 147, 148, 151, 153, 154, 155, 156, 159, 160, 161, 164, 166, 168, 169, 172, 173, 174, 175, 176, 179, 181, 189, 216, 217, 218, 219, 221, 222, 224, 227, 228, 230, 247, 249, 252, 254, 255, 256, 288, 289, 290, 292, 293, 294, 295, 296, 297, 298, 299, 300, 301, 302, 303, 304, 306, 307, 308, 309, 313, 325, 330, 331, 333, 367, 368, 369, 371, 372, 373, 374, 376, 378, 380, 381, 382, 383, 384, 385, 386, 392, 394, 398, 404, 405, 406, 407, 409, 410, 414, 415, 418, 419, 420, 421, 423, 424, 428, 429, 430, 431, 432, 436, 437, 438, 439, 440, 444, 446, 449, 452, 453, 454, 455, 457, 458, 462, 463, 464, 465, 466, 470, 471, 472, 475, 476, 479, 483, 487, 488, 492, 495, 496, 497, 499, 503, 504, 508, 509, 510, 511, 512, 516, 517, 518, 519, 520, 523, 526, 527, 531, 534, 535, 536, 537, 538, 539, 540, 541, 542, 543, 544, 545, 546, 550, 552, 555, 558, 559, 560, 561, 562, 563, 564, 565, 566, 568, 571, 572, 576, 580, 581, 582, 583, 584, 586, 587, 591, 592, 593, 594, 595, 596, 600, 603, 604, 605, 606, 610, 614, 615, 616, 620, 623, 624, 625, 629, 631, 634, 639, 640, 641, 643, 644, 646, 647, 648, 650, 654, 691, 692, 693, 694, 696, 697, 699, 700, 701, 704, 705, 707, 708, 710, 732, 733, 734, 735, 736, 738], "excluded_lines": [27, 28]}}}, "src/neurospatial/regions/ops.py": {"executed_lines": [1, 47, 48, 50, 51, 52, 53, 54, 55, 57, 58, 61, 110, 185, 235], "summary": {"covered_lines": 14, "num_statements": 88, "percent_covered": 15.909090909090908, "percent_covered_display": "16", "missing_lines": 74, "excluded_lines": 0}, "missing_lines": [85, 86, 87, 88, 90, 91, 92, 94, 97, 98, 102, 103, 105, 106, 107, 135, 136, 138, 139, 141, 142, 144, 147, 148, 154, 155, 159, 160, 163, 165, 167, 170, 174, 175, 177, 179, 182, 215, 216, 218, 219, 220, 221, 223, 225, 226, 229, 230, 231, 232, 282, 283, 285, 286, 287, 295, 299, 301, 302, 308, 310, 311, 313, 316, 317, 322, 323, 326, 329, 330, 331, 335, 336, 337], "excluded_lines": [], "functions": {"_prepare_points": {"executed_lines": [], "summary": {"covered_lines": 0, "num_statements": 15, "percent_covered": 0.0, "percent_covered_display": "0", "missing_lines": 15, "excluded_lines": 0}, "missing_lines": [85, 86, 87, 88, 90, 91, 92, 94, 97, 98, 102, 103, 105, 106, 107], "excluded_lines": []}, "_get_points_in_single_region_mask": {"executed_lines": [], "summary": {"covered_lines": 0, "num_statements": 22, "percent_covered": 0.0, "percent_covered_display": "0", "missing_lines": 22, "excluded_lines": 0}, "missing_lines": [135, 136, 138, 139, 141, 142, 144, 147, 148, 154, 155, 159, 160, 163, 165, 167, 170, 174, 175, 177, 179, 182], "excluded_lines": []}, "points_in_any_region": {"executed_lines": [], "summary": {"covered_lines": 0, "num_statements": 13, "percent_covered": 0.0, "percent_covered_display": "0", "missing_lines": 13, "excluded_lines": 0}, "missing_lines": [215, 216, 218, 219, 220, 221, 223, 225, 226, 229, 230, 231, 232], "excluded_lines": []}, "regions_containing_points": {"executed_lines": [], "summary": {"covered_lines": 0, "num_statements": 24, "percent_covered": 0.0, "percent_covered_display": "0", "missing_lines": 24, "excluded_lines": 0}, "missing_lines": [282, 283, 285, 286, 287, 295, 299, 301, 302, 308, 310, 311, 313, 316, 317, 322, 323, 326, 329, 330, 331, 335, 336, 337], "excluded_lines": []}, "": {"executed_lines": [1, 47, 48, 50, 51, 52, 53, 54, 55, 57, 58, 61, 110, 185, 235], "summary": {"covered_lines": 14, "num_statements": 14, "percent_covered": 100.0, "percent_covered_display": "100", "missing_lines": 0, "excluded_lines": 0}, "missing_lines": [], "excluded_lines": []}}, "classes": {"": {"executed_lines": [1, 47, 48, 50, 51, 52, 53, 54, 55, 57, 58, 61, 110, 185, 235], "summary": {"covered_lines": 14, "num_statements": 88, "percent_covered": 15.909090909090908, "percent_covered_display": "16", "missing_lines": 74, "excluded_lines": 0}, "missing_lines": [85, 86, 87, 88, 90, 91, 92, 94, 97, 98, 102, 103, 105, 106, 107, 135, 136, 138, 139, 141, 142, 144, 147, 148, 154, 155, 159, 160, 163, 165, 167, 170, 174, 175, 177, 179, 182, 215, 216, 218, 219, 220, 221, 223, 225, 226, 229, 230, 231, 232, 282, 283, 285, 286, 287, 295, 299, 301, 302, 308, 310, 311, 313, 316, 317, 322, 323, 326, 329, 330, 331, 335, 336, 337], "excluded_lines": []}}}, "src/neurospatial/regions/plot.py": {"executed_lines": [1, 12, 14, 15, 17, 18, 19, 20, 21, 22, 24, 25, 31], "summary": {"covered_lines": 12, "num_statements": 53, "percent_covered": 22.641509433962263, "percent_covered_display": "23", "missing_lines": 41, "excluded_lines": 0}, "missing_lines": [70, 71, 72, 73, 75, 76, 78, 79, 81, 82, 84, 85, 86, 87, 89, 92, 93, 94, 96, 97, 100, 101, 104, 105, 106, 116, 117, 118, 119, 121, 124, 125, 126, 128, 133, 140, 142, 145, 146, 147, 148], "excluded_lines": [], "functions": {"plot_regions": {"executed_lines": [], "summary": {"covered_lines": 0, "num_statements": 40, "percent_covered": 0.0, "percent_covered_display": "0", "missing_lines": 40, "excluded_lines": 0}, "missing_lines": [70, 71, 72, 73, 75, 76, 78, 79, 81, 82, 84, 85, 86, 87, 89, 92, 93, 94, 96, 97, 100, 104, 105, 106, 116, 117, 118, 119, 121, 124, 125, 126, 128, 133, 140, 142, 145, 146, 147, 148], "excluded_lines": []}, "plot_regions._map": {"executed_lines": [], "summary": {"covered_lines": 0, "num_statements": 1, "percent_covered": 0.0, "percent_covered_display": "0", "missing_lines": 1, "excluded_lines": 0}, "missing_lines": [101], "excluded_lines": []}, "": {"executed_lines": [1, 12, 14, 15, 17, 18, 19, 20, 21, 22, 24, 25, 31], "summary": {"covered_lines": 12, "num_statements": 12, "percent_covered": 100.0, "percent_covered_display": "100", "missing_lines": 0, "excluded_lines": 0}, "missing_lines": [], "excluded_lines": []}}, "classes": {"": {"executed_lines": [1, 12, 14, 15, 17, 18, 19, 20, 21, 22, 24, 25, 31], "summary": {"covered_lines": 12, "num_statements": 53, "percent_covered": 22.641509433962263, "percent_covered_display": "23", "missing_lines": 41, "excluded_lines": 0}, "missing_lines": [70, 71, 72, 73, 75, 76, 78, 79, 81, 82, 84, 85, 86, 87, 89, 92, 93, 94, 96, 97, 100, 101, 104, 105, 106, 116, 117, 118, 119, 121, 124, 125, 126, 128, 133, 140, 142, 145, 146, 147, 148], "excluded_lines": []}}}, "src/neurospatial/transforms.py": {"executed_lines": [1, 16, 18, 19, 21, 22, 28, 29, 30, 32, 35, 36, 37, 43, 46, 54, 58, 63, 67, 73, 79, 84, 102, 120, 150], "summary": {"covered_lines": 22, "num_statements": 41, "percent_covered": 53.65853658536585, "percent_covered_display": "54", "missing_lines": 19, "excluded_lines": 0}, "missing_lines": [47, 48, 49, 50, 51, 56, 60, 64, 69, 75, 76, 81, 94, 116, 117, 146, 147, 160, 161], "excluded_lines": [], "functions": {"SpatialTransform.__call__": {"executed_lines": [32], "summary": {"covered_lines": 1, "num_statements": 1, "percent_covered": 100.0, "percent_covered_display": "100", "missing_lines": 0, "excluded_lines": 0}, "missing_lines": [], "excluded_lines": []}, "Affine2D.__call__": {"executed_lines": [], "summary": {"covered_lines": 0, "num_statements": 5, "percent_covered": 0.0, "percent_covered_display": "0", "missing_lines": 5, "excluded_lines": 0}, "missing_lines": [47, 48, 49, 50, 51], "excluded_lines": []}, "Affine2D.inverse": {"executed_lines": [], "summary": {"covered_lines": 0, "num_statements": 1, "percent_covered": 0.0, "percent_covered_display": "0", "missing_lines": 1, "excluded_lines": 0}, "missing_lines": [56], "excluded_lines": []}, "Affine2D.compose": {"executed_lines": [], "summary": {"covered_lines": 0, "num_statements": 1, "percent_covered": 0.0, "percent_covered_display": "0", "missing_lines": 1, "excluded_lines": 0}, "missing_lines": [60], "excluded_lines": []}, "Affine2D.__matmul__": {"executed_lines": [], "summary": {"covered_lines": 0, "num_statements": 1, "percent_covered": 0.0, "percent_covered_display": "0", "missing_lines": 1, "excluded_lines": 0}, "missing_lines": [64], "excluded_lines": []}, "identity": {"executed_lines": [], "summary": {"covered_lines": 0, "num_statements": 1, "percent_covered": 0.0, "percent_covered_display": "0", "missing_lines": 1, "excluded_lines": 0}, "missing_lines": [69], "excluded_lines": []}, "scale_2d": {"executed_lines": [], "summary": {"covered_lines": 0, "num_statements": 2, "percent_covered": 0.0, "percent_covered_display": "0", "missing_lines": 2, "excluded_lines": 0}, "missing_lines": [75, 76], "excluded_lines": []}, "translate": {"executed_lines": [], "summary": {"covered_lines": 0, "num_statements": 1, "percent_covered": 0.0, "percent_covered_display": "0", "missing_lines": 1, "excluded_lines": 0}, "missing_lines": [81], "excluded_lines": []}, "flip_y": {"executed_lines": [], "summary": {"covered_lines": 0, "num_statements": 1, "percent_covered": 0.0, "percent_covered_display": "0", "missing_lines": 1, "excluded_lines": 0}, "missing_lines": [94], "excluded_lines": []}, "flip_y_data": {"executed_lines": [], "summary": {"covered_lines": 0, "num_statements": 2, "percent_covered": 0.0, "percent_covered_display": "0", "missing_lines": 2, "excluded_lines": 0}, "missing_lines": [116, 117], "excluded_lines": []}, "convert_to_cm": {"executed_lines": [], "summary": {"covered_lines": 0, "num_statements": 2, "percent_covered": 0.0, "percent_covered_display": "0", "missing_lines": 2, "excluded_lines": 0}, "missing_lines": [146, 147], "excluded_lines": []}, "convert_to_pixels": {"executed_lines": [], "summary": {"covered_lines": 0, "num_statements": 2, "percent_covered": 0.0, "percent_covered_display": "0", "missing_lines": 2, "excluded_lines": 0}, "missing_lines": [160, 161], "excluded_lines": []}, "": {"executed_lines": [1, 16, 18, 19, 21, 22, 28, 29, 30, 35, 36, 37, 43, 46, 54, 58, 63, 67, 73, 79, 84, 102, 120, 150], "summary": {"covered_lines": 21, "num_statements": 21, "percent_covered": 100.0, "percent_covered_display": "100", "missing_lines": 0, "excluded_lines": 0}, "missing_lines": [], "excluded_lines": []}}, "classes": {"SpatialTransform": {"executed_lines": [32], "summary": {"covered_lines": 1, "num_statements": 1, "percent_covered": 100.0, "percent_covered_display": "100", "missing_lines": 0, "excluded_lines": 0}, "missing_lines": [], "excluded_lines": []}, "Affine2D": {"executed_lines": [], "summary": {"covered_lines": 0, "num_statements": 8, "percent_covered": 0.0, "percent_covered_display": "0", "missing_lines": 8, "excluded_lines": 0}, "missing_lines": [47, 48, 49, 50, 51, 56, 60, 64], "excluded_lines": []}, "": {"executed_lines": [1, 16, 18, 19, 21, 22, 28, 29, 30, 35, 36, 37, 43, 46, 54, 58, 63, 67, 73, 79, 84, 102, 120, 150], "summary": {"covered_lines": 21, "num_statements": 32, "percent_covered": 65.625, "percent_covered_display": "66", "missing_lines": 11, "excluded_lines": 0}, "missing_lines": [69, 75, 76, 81, 94, 116, 117, 146, 147, 160, 161], "excluded_lines": []}}}}, "totals": {"covered_lines": 1715, "num_statements": 2816, "percent_covered": 60.90198863636363, "percent_covered_display": "61", "missing_lines": 1101, "excluded_lines": 83}}
